2021-02-04 11:47:40 INFO main - instrumented a special java.util.Set into: sun.nio.ch.WindowsSelectorImpl@5025a98f
2021-02-04 11:47:40 INFO main - instrumented a special java.util.Set into: sun.nio.ch.WindowsSelectorImpl@64bf3bbf
2021-02-04 11:47:40 INFO main - instrumented a special java.util.Set into: sun.nio.ch.WindowsSelectorImpl@55d56113
2021-02-04 11:47:40 INFO main - instrumented a special java.util.Set into: sun.nio.ch.WindowsSelectorImpl@148080bb
2021-02-04 11:48:45 WARN NettyServerNIOSelector_3_2 - An exceptionCaught() event was fired, and it reached at the tail of the pipeline. It usually means the last handler in the pipeline did not handle the exception.
java.lang.NullPointerException: null
	at java.lang.String.<init>(String.java:566) ~[na:1.8.0_251]
	at org.apache.rocketmq.remoting.protocol.RemotingCommand.toString(RemotingCommand.java:532) ~[classes/:na]
	at org.apache.rocketmq.remoting.netty.NettyRemotingAbstract.processMessageReceived(NettyRemotingAbstract.java:147) ~[classes/:na]
	at org.apache.rocketmq.remoting.netty.NettyRemotingServer$NettyServerHandler.channelRead0(NettyRemotingServer.java:397) ~[classes/:na]
	at org.apache.rocketmq.remoting.netty.NettyRemotingServer$NettyServerHandler.channelRead0(NettyRemotingServer.java:393) ~[classes/:na]
	at io.netty.channel.SimpleChannelInboundHandler.channelRead(SimpleChannelInboundHandler.java:105) ~[netty-all-4.0.42.Final.jar:4.0.42.Final]
	at io.netty.channel.AbstractChannelHandlerContext.invokeChannelRead(AbstractChannelHandlerContext.java:367) ~[netty-all-4.0.42.Final.jar:4.0.42.Final]
	at io.netty.channel.AbstractChannelHandlerContext.invokeChannelRead(AbstractChannelHandlerContext.java:353) ~[netty-all-4.0.42.Final.jar:4.0.42.Final]
	at io.netty.channel.AbstractChannelHandlerContext.fireChannelRead(AbstractChannelHandlerContext.java:346) ~[netty-all-4.0.42.Final.jar:4.0.42.Final]
	at io.netty.channel.ChannelInboundHandlerAdapter.channelRead(ChannelInboundHandlerAdapter.java:86) ~[netty-all-4.0.42.Final.jar:4.0.42.Final]
	at io.netty.channel.AbstractChannelHandlerContext.invokeChannelRead(AbstractChannelHandlerContext.java:367) ~[netty-all-4.0.42.Final.jar:4.0.42.Final]
	at io.netty.channel.AbstractChannelHandlerContext.invokeChannelRead(AbstractChannelHandlerContext.java:353) ~[netty-all-4.0.42.Final.jar:4.0.42.Final]
	at io.netty.channel.AbstractChannelHandlerContext.fireChannelRead(AbstractChannelHandlerContext.java:346) ~[netty-all-4.0.42.Final.jar:4.0.42.Final]
	at io.netty.handler.timeout.IdleStateHandler.channelRead(IdleStateHandler.java:266) ~[netty-all-4.0.42.Final.jar:4.0.42.Final]
	at io.netty.channel.AbstractChannelHandlerContext.invokeChannelRead(AbstractChannelHandlerContext.java:367) ~[netty-all-4.0.42.Final.jar:4.0.42.Final]
	at io.netty.channel.AbstractChannelHandlerContext.invokeChannelRead(AbstractChannelHandlerContext.java:353) ~[netty-all-4.0.42.Final.jar:4.0.42.Final]
	at io.netty.channel.AbstractChannelHandlerContext.fireChannelRead(AbstractChannelHandlerContext.java:346) ~[netty-all-4.0.42.Final.jar:4.0.42.Final]
	at io.netty.handler.codec.ByteToMessageDecoder.fireChannelRead(ByteToMessageDecoder.java:293) ~[netty-all-4.0.42.Final.jar:4.0.42.Final]
	at io.netty.handler.codec.ByteToMessageDecoder.channelRead(ByteToMessageDecoder.java:267) ~[netty-all-4.0.42.Final.jar:4.0.42.Final]
	at io.netty.channel.AbstractChannelHandlerContext.invokeChannelRead(AbstractChannelHandlerContext.java:367) ~[netty-all-4.0.42.Final.jar:4.0.42.Final]
	at io.netty.channel.AbstractChannelHandlerContext.invokeChannelRead(AbstractChannelHandlerContext.java:353) ~[netty-all-4.0.42.Final.jar:4.0.42.Final]
	at io.netty.channel.AbstractChannelHandlerContext.fireChannelRead(AbstractChannelHandlerContext.java:346) ~[netty-all-4.0.42.Final.jar:4.0.42.Final]
	at org.apache.rocketmq.remoting.netty.NettyRemotingServer$HandshakeHandler.channelRead0(NettyRemotingServer.java:389) ~[classes/:na]
	at org.apache.rocketmq.remoting.netty.NettyRemotingServer$HandshakeHandler.channelRead0(NettyRemotingServer.java:331) ~[classes/:na]
	at io.netty.channel.SimpleChannelInboundHandler.channelRead(SimpleChannelInboundHandler.java:105) ~[netty-all-4.0.42.Final.jar:4.0.42.Final]
	at io.netty.channel.AbstractChannelHandlerContext.invokeChannelRead(AbstractChannelHandlerContext.java:367) ~[netty-all-4.0.42.Final.jar:4.0.42.Final]
	at io.netty.channel.AbstractChannelHandlerContext.access$600(AbstractChannelHandlerContext.java:36) ~[netty-all-4.0.42.Final.jar:4.0.42.Final]
	at io.netty.channel.AbstractChannelHandlerContext$7.run(AbstractChannelHandlerContext.java:358) ~[netty-all-4.0.42.Final.jar:4.0.42.Final]
	at io.netty.util.concurrent.DefaultEventExecutor.run(DefaultEventExecutor.java:41) ~[netty-all-4.0.42.Final.jar:4.0.42.Final]
	at io.netty.util.concurrent.SingleThreadEventExecutor$2.run(SingleThreadEventExecutor.java:140) [netty-all-4.0.42.Final.jar:4.0.42.Final]
	at java.lang.Thread.run(Thread.java:748) [na:1.8.0_251]
2021-02-04 11:48:45 WARN NettyServerNIOSelector_3_2 - An exceptionCaught() event was fired, and it reached at the tail of the pipeline. It usually means the last handler in the pipeline did not handle the exception.
java.lang.NullPointerException: null
	at java.lang.String.<init>(String.java:566) ~[na:1.8.0_251]
	at org.apache.rocketmq.remoting.protocol.RemotingCommand.toString(RemotingCommand.java:532) ~[classes/:na]
	at org.apache.rocketmq.remoting.netty.NettyRemotingAbstract.processMessageReceived(NettyRemotingAbstract.java:147) ~[classes/:na]
	at org.apache.rocketmq.remoting.netty.NettyRemotingServer$NettyServerHandler.channelRead0(NettyRemotingServer.java:397) ~[classes/:na]
	at org.apache.rocketmq.remoting.netty.NettyRemotingServer$NettyServerHandler.channelRead0(NettyRemotingServer.java:393) ~[classes/:na]
	at io.netty.channel.SimpleChannelInboundHandler.channelRead(SimpleChannelInboundHandler.java:105) ~[netty-all-4.0.42.Final.jar:4.0.42.Final]
	at io.netty.channel.AbstractChannelHandlerContext.invokeChannelRead(AbstractChannelHandlerContext.java:367) ~[netty-all-4.0.42.Final.jar:4.0.42.Final]
	at io.netty.channel.AbstractChannelHandlerContext.invokeChannelRead(AbstractChannelHandlerContext.java:353) ~[netty-all-4.0.42.Final.jar:4.0.42.Final]
	at io.netty.channel.AbstractChannelHandlerContext.fireChannelRead(AbstractChannelHandlerContext.java:346) ~[netty-all-4.0.42.Final.jar:4.0.42.Final]
	at io.netty.channel.ChannelInboundHandlerAdapter.channelRead(ChannelInboundHandlerAdapter.java:86) ~[netty-all-4.0.42.Final.jar:4.0.42.Final]
	at io.netty.channel.AbstractChannelHandlerContext.invokeChannelRead(AbstractChannelHandlerContext.java:367) ~[netty-all-4.0.42.Final.jar:4.0.42.Final]
	at io.netty.channel.AbstractChannelHandlerContext.invokeChannelRead(AbstractChannelHandlerContext.java:353) ~[netty-all-4.0.42.Final.jar:4.0.42.Final]
	at io.netty.channel.AbstractChannelHandlerContext.fireChannelRead(AbstractChannelHandlerContext.java:346) ~[netty-all-4.0.42.Final.jar:4.0.42.Final]
	at io.netty.handler.timeout.IdleStateHandler.channelRead(IdleStateHandler.java:266) ~[netty-all-4.0.42.Final.jar:4.0.42.Final]
	at io.netty.channel.AbstractChannelHandlerContext.invokeChannelRead(AbstractChannelHandlerContext.java:367) ~[netty-all-4.0.42.Final.jar:4.0.42.Final]
	at io.netty.channel.AbstractChannelHandlerContext.invokeChannelRead(AbstractChannelHandlerContext.java:353) ~[netty-all-4.0.42.Final.jar:4.0.42.Final]
	at io.netty.channel.AbstractChannelHandlerContext.fireChannelRead(AbstractChannelHandlerContext.java:346) ~[netty-all-4.0.42.Final.jar:4.0.42.Final]
	at io.netty.handler.codec.ByteToMessageDecoder.fireChannelRead(ByteToMessageDecoder.java:293) ~[netty-all-4.0.42.Final.jar:4.0.42.Final]
	at io.netty.handler.codec.ByteToMessageDecoder.channelRead(ByteToMessageDecoder.java:267) ~[netty-all-4.0.42.Final.jar:4.0.42.Final]
	at io.netty.channel.AbstractChannelHandlerContext.invokeChannelRead(AbstractChannelHandlerContext.java:367) ~[netty-all-4.0.42.Final.jar:4.0.42.Final]
	at io.netty.channel.AbstractChannelHandlerContext.access$600(AbstractChannelHandlerContext.java:36) ~[netty-all-4.0.42.Final.jar:4.0.42.Final]
	at io.netty.channel.AbstractChannelHandlerContext$7.run(AbstractChannelHandlerContext.java:358) ~[netty-all-4.0.42.Final.jar:4.0.42.Final]
	at io.netty.util.concurrent.DefaultEventExecutor.run(DefaultEventExecutor.java:41) ~[netty-all-4.0.42.Final.jar:4.0.42.Final]
	at io.netty.util.concurrent.SingleThreadEventExecutor$2.run(SingleThreadEventExecutor.java:140) [netty-all-4.0.42.Final.jar:4.0.42.Final]
	at java.lang.Thread.run(Thread.java:748) [na:1.8.0_251]
2021-02-04 11:49:00 WARN NettyServerNIOSelector_3_3 - An exceptionCaught() event was fired, and it reached at the tail of the pipeline. It usually means the last handler in the pipeline did not handle the exception.
java.lang.NullPointerException: null
	at java.lang.String.<init>(String.java:566) ~[na:1.8.0_251]
	at org.apache.rocketmq.remoting.protocol.RemotingCommand.toString(RemotingCommand.java:532) ~[classes/:na]
	at org.apache.rocketmq.remoting.netty.NettyRemotingAbstract.processMessageReceived(NettyRemotingAbstract.java:147) ~[classes/:na]
	at org.apache.rocketmq.remoting.netty.NettyRemotingServer$NettyServerHandler.channelRead0(NettyRemotingServer.java:397) ~[classes/:na]
	at org.apache.rocketmq.remoting.netty.NettyRemotingServer$NettyServerHandler.channelRead0(NettyRemotingServer.java:393) ~[classes/:na]
	at io.netty.channel.SimpleChannelInboundHandler.channelRead(SimpleChannelInboundHandler.java:105) ~[netty-all-4.0.42.Final.jar:4.0.42.Final]
	at io.netty.channel.AbstractChannelHandlerContext.invokeChannelRead(AbstractChannelHandlerContext.java:367) ~[netty-all-4.0.42.Final.jar:4.0.42.Final]
	at io.netty.channel.AbstractChannelHandlerContext.invokeChannelRead(AbstractChannelHandlerContext.java:353) ~[netty-all-4.0.42.Final.jar:4.0.42.Final]
	at io.netty.channel.AbstractChannelHandlerContext.fireChannelRead(AbstractChannelHandlerContext.java:346) ~[netty-all-4.0.42.Final.jar:4.0.42.Final]
	at io.netty.channel.ChannelInboundHandlerAdapter.channelRead(ChannelInboundHandlerAdapter.java:86) ~[netty-all-4.0.42.Final.jar:4.0.42.Final]
	at io.netty.channel.AbstractChannelHandlerContext.invokeChannelRead(AbstractChannelHandlerContext.java:367) ~[netty-all-4.0.42.Final.jar:4.0.42.Final]
	at io.netty.channel.AbstractChannelHandlerContext.invokeChannelRead(AbstractChannelHandlerContext.java:353) ~[netty-all-4.0.42.Final.jar:4.0.42.Final]
	at io.netty.channel.AbstractChannelHandlerContext.fireChannelRead(AbstractChannelHandlerContext.java:346) ~[netty-all-4.0.42.Final.jar:4.0.42.Final]
	at io.netty.handler.timeout.IdleStateHandler.channelRead(IdleStateHandler.java:266) ~[netty-all-4.0.42.Final.jar:4.0.42.Final]
	at io.netty.channel.AbstractChannelHandlerContext.invokeChannelRead(AbstractChannelHandlerContext.java:367) ~[netty-all-4.0.42.Final.jar:4.0.42.Final]
	at io.netty.channel.AbstractChannelHandlerContext.invokeChannelRead(AbstractChannelHandlerContext.java:353) ~[netty-all-4.0.42.Final.jar:4.0.42.Final]
	at io.netty.channel.AbstractChannelHandlerContext.fireChannelRead(AbstractChannelHandlerContext.java:346) ~[netty-all-4.0.42.Final.jar:4.0.42.Final]
	at io.netty.handler.codec.ByteToMessageDecoder.fireChannelRead(ByteToMessageDecoder.java:293) ~[netty-all-4.0.42.Final.jar:4.0.42.Final]
	at io.netty.handler.codec.ByteToMessageDecoder.channelRead(ByteToMessageDecoder.java:267) ~[netty-all-4.0.42.Final.jar:4.0.42.Final]
	at io.netty.channel.AbstractChannelHandlerContext.invokeChannelRead(AbstractChannelHandlerContext.java:367) ~[netty-all-4.0.42.Final.jar:4.0.42.Final]
	at io.netty.channel.AbstractChannelHandlerContext.invokeChannelRead(AbstractChannelHandlerContext.java:353) ~[netty-all-4.0.42.Final.jar:4.0.42.Final]
	at io.netty.channel.AbstractChannelHandlerContext.fireChannelRead(AbstractChannelHandlerContext.java:346) ~[netty-all-4.0.42.Final.jar:4.0.42.Final]
	at org.apache.rocketmq.remoting.netty.NettyRemotingServer$HandshakeHandler.channelRead0(NettyRemotingServer.java:389) ~[classes/:na]
	at org.apache.rocketmq.remoting.netty.NettyRemotingServer$HandshakeHandler.channelRead0(NettyRemotingServer.java:331) ~[classes/:na]
	at io.netty.channel.SimpleChannelInboundHandler.channelRead(SimpleChannelInboundHandler.java:105) ~[netty-all-4.0.42.Final.jar:4.0.42.Final]
	at io.netty.channel.AbstractChannelHandlerContext.invokeChannelRead(AbstractChannelHandlerContext.java:367) ~[netty-all-4.0.42.Final.jar:4.0.42.Final]
	at io.netty.channel.AbstractChannelHandlerContext.access$600(AbstractChannelHandlerContext.java:36) ~[netty-all-4.0.42.Final.jar:4.0.42.Final]
	at io.netty.channel.AbstractChannelHandlerContext$7.run(AbstractChannelHandlerContext.java:358) ~[netty-all-4.0.42.Final.jar:4.0.42.Final]
	at io.netty.util.concurrent.DefaultEventExecutor.run(DefaultEventExecutor.java:41) ~[netty-all-4.0.42.Final.jar:4.0.42.Final]
	at io.netty.util.concurrent.SingleThreadEventExecutor$2.run(SingleThreadEventExecutor.java:140) [netty-all-4.0.42.Final.jar:4.0.42.Final]
	at java.lang.Thread.run(Thread.java:748) [na:1.8.0_251]
2021-02-04 11:49:00 WARN NettyServerNIOSelector_3_3 - An exceptionCaught() event was fired, and it reached at the tail of the pipeline. It usually means the last handler in the pipeline did not handle the exception.
java.lang.NullPointerException: null
	at java.lang.String.<init>(String.java:566) ~[na:1.8.0_251]
	at org.apache.rocketmq.remoting.protocol.RemotingCommand.toString(RemotingCommand.java:532) ~[classes/:na]
	at org.apache.rocketmq.remoting.netty.NettyRemotingAbstract.processMessageReceived(NettyRemotingAbstract.java:147) ~[classes/:na]
	at org.apache.rocketmq.remoting.netty.NettyRemotingServer$NettyServerHandler.channelRead0(NettyRemotingServer.java:397) ~[classes/:na]
	at org.apache.rocketmq.remoting.netty.NettyRemotingServer$NettyServerHandler.channelRead0(NettyRemotingServer.java:393) ~[classes/:na]
	at io.netty.channel.SimpleChannelInboundHandler.channelRead(SimpleChannelInboundHandler.java:105) ~[netty-all-4.0.42.Final.jar:4.0.42.Final]
	at io.netty.channel.AbstractChannelHandlerContext.invokeChannelRead(AbstractChannelHandlerContext.java:367) ~[netty-all-4.0.42.Final.jar:4.0.42.Final]
	at io.netty.channel.AbstractChannelHandlerContext.invokeChannelRead(AbstractChannelHandlerContext.java:353) ~[netty-all-4.0.42.Final.jar:4.0.42.Final]
	at io.netty.channel.AbstractChannelHandlerContext.fireChannelRead(AbstractChannelHandlerContext.java:346) ~[netty-all-4.0.42.Final.jar:4.0.42.Final]
	at io.netty.channel.ChannelInboundHandlerAdapter.channelRead(ChannelInboundHandlerAdapter.java:86) ~[netty-all-4.0.42.Final.jar:4.0.42.Final]
	at io.netty.channel.AbstractChannelHandlerContext.invokeChannelRead(AbstractChannelHandlerContext.java:367) ~[netty-all-4.0.42.Final.jar:4.0.42.Final]
	at io.netty.channel.AbstractChannelHandlerContext.invokeChannelRead(AbstractChannelHandlerContext.java:353) ~[netty-all-4.0.42.Final.jar:4.0.42.Final]
	at io.netty.channel.AbstractChannelHandlerContext.fireChannelRead(AbstractChannelHandlerContext.java:346) ~[netty-all-4.0.42.Final.jar:4.0.42.Final]
	at io.netty.handler.timeout.IdleStateHandler.channelRead(IdleStateHandler.java:266) ~[netty-all-4.0.42.Final.jar:4.0.42.Final]
	at io.netty.channel.AbstractChannelHandlerContext.invokeChannelRead(AbstractChannelHandlerContext.java:367) ~[netty-all-4.0.42.Final.jar:4.0.42.Final]
	at io.netty.channel.AbstractChannelHandlerContext.invokeChannelRead(AbstractChannelHandlerContext.java:353) ~[netty-all-4.0.42.Final.jar:4.0.42.Final]
	at io.netty.channel.AbstractChannelHandlerContext.fireChannelRead(AbstractChannelHandlerContext.java:346) ~[netty-all-4.0.42.Final.jar:4.0.42.Final]
	at io.netty.handler.codec.ByteToMessageDecoder.fireChannelRead(ByteToMessageDecoder.java:293) ~[netty-all-4.0.42.Final.jar:4.0.42.Final]
	at io.netty.handler.codec.ByteToMessageDecoder.channelRead(ByteToMessageDecoder.java:267) ~[netty-all-4.0.42.Final.jar:4.0.42.Final]
	at io.netty.channel.AbstractChannelHandlerContext.invokeChannelRead(AbstractChannelHandlerContext.java:367) ~[netty-all-4.0.42.Final.jar:4.0.42.Final]
	at io.netty.channel.AbstractChannelHandlerContext.access$600(AbstractChannelHandlerContext.java:36) ~[netty-all-4.0.42.Final.jar:4.0.42.Final]
	at io.netty.channel.AbstractChannelHandlerContext$7.run(AbstractChannelHandlerContext.java:358) ~[netty-all-4.0.42.Final.jar:4.0.42.Final]
	at io.netty.util.concurrent.DefaultEventExecutor.run(DefaultEventExecutor.java:41) ~[netty-all-4.0.42.Final.jar:4.0.42.Final]
	at io.netty.util.concurrent.SingleThreadEventExecutor$2.run(SingleThreadEventExecutor.java:140) [netty-all-4.0.42.Final.jar:4.0.42.Final]
	at java.lang.Thread.run(Thread.java:748) [na:1.8.0_251]
2021-02-04 11:49:08 WARN NettyServerNIOSelector_3_1 - An exceptionCaught() event was fired, and it reached at the tail of the pipeline. It usually means the last handler in the pipeline did not handle the exception.
java.lang.NullPointerException: null
	at java.lang.String.<init>(String.java:566) ~[na:1.8.0_251]
	at org.apache.rocketmq.remoting.protocol.RemotingCommand.toString(RemotingCommand.java:532) ~[classes/:na]
	at org.apache.rocketmq.remoting.netty.NettyRemotingAbstract.processMessageReceived(NettyRemotingAbstract.java:147) ~[classes/:na]
	at org.apache.rocketmq.remoting.netty.NettyRemotingServer$NettyServerHandler.channelRead0(NettyRemotingServer.java:397) ~[classes/:na]
	at org.apache.rocketmq.remoting.netty.NettyRemotingServer$NettyServerHandler.channelRead0(NettyRemotingServer.java:393) ~[classes/:na]
	at io.netty.channel.SimpleChannelInboundHandler.channelRead(SimpleChannelInboundHandler.java:105) ~[netty-all-4.0.42.Final.jar:4.0.42.Final]
	at io.netty.channel.AbstractChannelHandlerContext.invokeChannelRead(AbstractChannelHandlerContext.java:367) ~[netty-all-4.0.42.Final.jar:4.0.42.Final]
	at io.netty.channel.AbstractChannelHandlerContext.invokeChannelRead(AbstractChannelHandlerContext.java:353) ~[netty-all-4.0.42.Final.jar:4.0.42.Final]
	at io.netty.channel.AbstractChannelHandlerContext.fireChannelRead(AbstractChannelHandlerContext.java:346) ~[netty-all-4.0.42.Final.jar:4.0.42.Final]
	at io.netty.channel.ChannelInboundHandlerAdapter.channelRead(ChannelInboundHandlerAdapter.java:86) ~[netty-all-4.0.42.Final.jar:4.0.42.Final]
	at io.netty.channel.AbstractChannelHandlerContext.invokeChannelRead(AbstractChannelHandlerContext.java:367) ~[netty-all-4.0.42.Final.jar:4.0.42.Final]
	at io.netty.channel.AbstractChannelHandlerContext.invokeChannelRead(AbstractChannelHandlerContext.java:353) ~[netty-all-4.0.42.Final.jar:4.0.42.Final]
	at io.netty.channel.AbstractChannelHandlerContext.fireChannelRead(AbstractChannelHandlerContext.java:346) ~[netty-all-4.0.42.Final.jar:4.0.42.Final]
	at io.netty.handler.timeout.IdleStateHandler.channelRead(IdleStateHandler.java:266) ~[netty-all-4.0.42.Final.jar:4.0.42.Final]
	at io.netty.channel.AbstractChannelHandlerContext.invokeChannelRead(AbstractChannelHandlerContext.java:367) ~[netty-all-4.0.42.Final.jar:4.0.42.Final]
	at io.netty.channel.AbstractChannelHandlerContext.invokeChannelRead(AbstractChannelHandlerContext.java:353) ~[netty-all-4.0.42.Final.jar:4.0.42.Final]
	at io.netty.channel.AbstractChannelHandlerContext.fireChannelRead(AbstractChannelHandlerContext.java:346) ~[netty-all-4.0.42.Final.jar:4.0.42.Final]
	at io.netty.handler.codec.ByteToMessageDecoder.fireChannelRead(ByteToMessageDecoder.java:293) ~[netty-all-4.0.42.Final.jar:4.0.42.Final]
	at io.netty.handler.codec.ByteToMessageDecoder.channelRead(ByteToMessageDecoder.java:267) ~[netty-all-4.0.42.Final.jar:4.0.42.Final]
	at io.netty.channel.AbstractChannelHandlerContext.invokeChannelRead(AbstractChannelHandlerContext.java:367) ~[netty-all-4.0.42.Final.jar:4.0.42.Final]
	at io.netty.channel.AbstractChannelHandlerContext.invokeChannelRead(AbstractChannelHandlerContext.java:353) ~[netty-all-4.0.42.Final.jar:4.0.42.Final]
	at io.netty.channel.AbstractChannelHandlerContext.fireChannelRead(AbstractChannelHandlerContext.java:346) ~[netty-all-4.0.42.Final.jar:4.0.42.Final]
	at org.apache.rocketmq.remoting.netty.NettyRemotingServer$HandshakeHandler.channelRead0(NettyRemotingServer.java:389) ~[classes/:na]
	at org.apache.rocketmq.remoting.netty.NettyRemotingServer$HandshakeHandler.channelRead0(NettyRemotingServer.java:331) ~[classes/:na]
	at io.netty.channel.SimpleChannelInboundHandler.channelRead(SimpleChannelInboundHandler.java:105) ~[netty-all-4.0.42.Final.jar:4.0.42.Final]
	at io.netty.channel.AbstractChannelHandlerContext.invokeChannelRead(AbstractChannelHandlerContext.java:367) ~[netty-all-4.0.42.Final.jar:4.0.42.Final]
	at io.netty.channel.AbstractChannelHandlerContext.access$600(AbstractChannelHandlerContext.java:36) ~[netty-all-4.0.42.Final.jar:4.0.42.Final]
	at io.netty.channel.AbstractChannelHandlerContext$7.run(AbstractChannelHandlerContext.java:358) ~[netty-all-4.0.42.Final.jar:4.0.42.Final]
	at io.netty.util.concurrent.DefaultEventExecutor.run(DefaultEventExecutor.java:41) ~[netty-all-4.0.42.Final.jar:4.0.42.Final]
	at io.netty.util.concurrent.SingleThreadEventExecutor$2.run(SingleThreadEventExecutor.java:140) [netty-all-4.0.42.Final.jar:4.0.42.Final]
	at java.lang.Thread.run(Thread.java:748) [na:1.8.0_251]
2021-02-04 11:49:11 WARN NettyServerNIOSelector_3_1 - An exceptionCaught() event was fired, and it reached at the tail of the pipeline. It usually means the last handler in the pipeline did not handle the exception.
java.lang.NullPointerException: null
	at java.lang.String.<init>(String.java:566) ~[na:1.8.0_251]
	at org.apache.rocketmq.remoting.protocol.RemotingCommand.toString(RemotingCommand.java:532) ~[classes/:na]
	at org.apache.rocketmq.remoting.netty.NettyRemotingAbstract.processMessageReceived(NettyRemotingAbstract.java:147) ~[classes/:na]
	at org.apache.rocketmq.remoting.netty.NettyRemotingServer$NettyServerHandler.channelRead0(NettyRemotingServer.java:397) ~[classes/:na]
	at org.apache.rocketmq.remoting.netty.NettyRemotingServer$NettyServerHandler.channelRead0(NettyRemotingServer.java:393) ~[classes/:na]
	at io.netty.channel.SimpleChannelInboundHandler.channelRead(SimpleChannelInboundHandler.java:105) ~[netty-all-4.0.42.Final.jar:4.0.42.Final]
	at io.netty.channel.AbstractChannelHandlerContext.invokeChannelRead(AbstractChannelHandlerContext.java:367) ~[netty-all-4.0.42.Final.jar:4.0.42.Final]
	at io.netty.channel.AbstractChannelHandlerContext.invokeChannelRead(AbstractChannelHandlerContext.java:353) ~[netty-all-4.0.42.Final.jar:4.0.42.Final]
	at io.netty.channel.AbstractChannelHandlerContext.fireChannelRead(AbstractChannelHandlerContext.java:346) ~[netty-all-4.0.42.Final.jar:4.0.42.Final]
	at io.netty.channel.ChannelInboundHandlerAdapter.channelRead(ChannelInboundHandlerAdapter.java:86) ~[netty-all-4.0.42.Final.jar:4.0.42.Final]
	at io.netty.channel.AbstractChannelHandlerContext.invokeChannelRead(AbstractChannelHandlerContext.java:367) ~[netty-all-4.0.42.Final.jar:4.0.42.Final]
	at io.netty.channel.AbstractChannelHandlerContext.invokeChannelRead(AbstractChannelHandlerContext.java:353) ~[netty-all-4.0.42.Final.jar:4.0.42.Final]
	at io.netty.channel.AbstractChannelHandlerContext.fireChannelRead(AbstractChannelHandlerContext.java:346) ~[netty-all-4.0.42.Final.jar:4.0.42.Final]
	at io.netty.handler.timeout.IdleStateHandler.channelRead(IdleStateHandler.java:266) ~[netty-all-4.0.42.Final.jar:4.0.42.Final]
	at io.netty.channel.AbstractChannelHandlerContext.invokeChannelRead(AbstractChannelHandlerContext.java:367) ~[netty-all-4.0.42.Final.jar:4.0.42.Final]
	at io.netty.channel.AbstractChannelHandlerContext.invokeChannelRead(AbstractChannelHandlerContext.java:353) ~[netty-all-4.0.42.Final.jar:4.0.42.Final]
	at io.netty.channel.AbstractChannelHandlerContext.fireChannelRead(AbstractChannelHandlerContext.java:346) ~[netty-all-4.0.42.Final.jar:4.0.42.Final]
	at io.netty.handler.codec.ByteToMessageDecoder.fireChannelRead(ByteToMessageDecoder.java:293) ~[netty-all-4.0.42.Final.jar:4.0.42.Final]
	at io.netty.handler.codec.ByteToMessageDecoder.channelRead(ByteToMessageDecoder.java:267) ~[netty-all-4.0.42.Final.jar:4.0.42.Final]
	at io.netty.channel.AbstractChannelHandlerContext.invokeChannelRead(AbstractChannelHandlerContext.java:367) ~[netty-all-4.0.42.Final.jar:4.0.42.Final]
	at io.netty.channel.AbstractChannelHandlerContext.access$600(AbstractChannelHandlerContext.java:36) ~[netty-all-4.0.42.Final.jar:4.0.42.Final]
	at io.netty.channel.AbstractChannelHandlerContext$7.run(AbstractChannelHandlerContext.java:358) ~[netty-all-4.0.42.Final.jar:4.0.42.Final]
	at io.netty.util.concurrent.DefaultEventExecutor.run(DefaultEventExecutor.java:41) ~[netty-all-4.0.42.Final.jar:4.0.42.Final]
	at io.netty.util.concurrent.SingleThreadEventExecutor$2.run(SingleThreadEventExecutor.java:140) [netty-all-4.0.42.Final.jar:4.0.42.Final]
	at java.lang.Thread.run(Thread.java:748) [na:1.8.0_251]
2021-02-04 11:49:14 WARN NettyServerNIOSelector_3_1 - An exceptionCaught() event was fired, and it reached at the tail of the pipeline. It usually means the last handler in the pipeline did not handle the exception.
java.lang.NullPointerException: null
	at java.lang.String.<init>(String.java:566) ~[na:1.8.0_251]
	at org.apache.rocketmq.remoting.protocol.RemotingCommand.toString(RemotingCommand.java:532) ~[classes/:na]
	at org.apache.rocketmq.remoting.netty.NettyRemotingAbstract.processMessageReceived(NettyRemotingAbstract.java:147) ~[classes/:na]
	at org.apache.rocketmq.remoting.netty.NettyRemotingServer$NettyServerHandler.channelRead0(NettyRemotingServer.java:397) ~[classes/:na]
	at org.apache.rocketmq.remoting.netty.NettyRemotingServer$NettyServerHandler.channelRead0(NettyRemotingServer.java:393) ~[classes/:na]
	at io.netty.channel.SimpleChannelInboundHandler.channelRead(SimpleChannelInboundHandler.java:105) ~[netty-all-4.0.42.Final.jar:4.0.42.Final]
	at io.netty.channel.AbstractChannelHandlerContext.invokeChannelRead(AbstractChannelHandlerContext.java:367) ~[netty-all-4.0.42.Final.jar:4.0.42.Final]
	at io.netty.channel.AbstractChannelHandlerContext.invokeChannelRead(AbstractChannelHandlerContext.java:353) ~[netty-all-4.0.42.Final.jar:4.0.42.Final]
	at io.netty.channel.AbstractChannelHandlerContext.fireChannelRead(AbstractChannelHandlerContext.java:346) ~[netty-all-4.0.42.Final.jar:4.0.42.Final]
	at io.netty.channel.ChannelInboundHandlerAdapter.channelRead(ChannelInboundHandlerAdapter.java:86) ~[netty-all-4.0.42.Final.jar:4.0.42.Final]
	at io.netty.channel.AbstractChannelHandlerContext.invokeChannelRead(AbstractChannelHandlerContext.java:367) ~[netty-all-4.0.42.Final.jar:4.0.42.Final]
	at io.netty.channel.AbstractChannelHandlerContext.invokeChannelRead(AbstractChannelHandlerContext.java:353) ~[netty-all-4.0.42.Final.jar:4.0.42.Final]
	at io.netty.channel.AbstractChannelHandlerContext.fireChannelRead(AbstractChannelHandlerContext.java:346) ~[netty-all-4.0.42.Final.jar:4.0.42.Final]
	at io.netty.handler.timeout.IdleStateHandler.channelRead(IdleStateHandler.java:266) ~[netty-all-4.0.42.Final.jar:4.0.42.Final]
	at io.netty.channel.AbstractChannelHandlerContext.invokeChannelRead(AbstractChannelHandlerContext.java:367) ~[netty-all-4.0.42.Final.jar:4.0.42.Final]
	at io.netty.channel.AbstractChannelHandlerContext.invokeChannelRead(AbstractChannelHandlerContext.java:353) ~[netty-all-4.0.42.Final.jar:4.0.42.Final]
	at io.netty.channel.AbstractChannelHandlerContext.fireChannelRead(AbstractChannelHandlerContext.java:346) ~[netty-all-4.0.42.Final.jar:4.0.42.Final]
	at io.netty.handler.codec.ByteToMessageDecoder.fireChannelRead(ByteToMessageDecoder.java:293) ~[netty-all-4.0.42.Final.jar:4.0.42.Final]
	at io.netty.handler.codec.ByteToMessageDecoder.channelRead(ByteToMessageDecoder.java:267) ~[netty-all-4.0.42.Final.jar:4.0.42.Final]
	at io.netty.channel.AbstractChannelHandlerContext.invokeChannelRead(AbstractChannelHandlerContext.java:367) ~[netty-all-4.0.42.Final.jar:4.0.42.Final]
	at io.netty.channel.AbstractChannelHandlerContext.access$600(AbstractChannelHandlerContext.java:36) ~[netty-all-4.0.42.Final.jar:4.0.42.Final]
	at io.netty.channel.AbstractChannelHandlerContext$7.run(AbstractChannelHandlerContext.java:358) ~[netty-all-4.0.42.Final.jar:4.0.42.Final]
	at io.netty.util.concurrent.DefaultEventExecutor.run(DefaultEventExecutor.java:41) ~[netty-all-4.0.42.Final.jar:4.0.42.Final]
	at io.netty.util.concurrent.SingleThreadEventExecutor$2.run(SingleThreadEventExecutor.java:140) [netty-all-4.0.42.Final.jar:4.0.42.Final]
	at java.lang.Thread.run(Thread.java:748) [na:1.8.0_251]
2021-02-04 11:49:31 WARN NettyServerNIOSelector_3_2 - An exceptionCaught() event was fired, and it reached at the tail of the pipeline. It usually means the last handler in the pipeline did not handle the exception.
java.lang.NullPointerException: null
	at java.lang.String.<init>(String.java:566) ~[na:1.8.0_251]
	at org.apache.rocketmq.remoting.protocol.RemotingCommand.toString(RemotingCommand.java:532) ~[classes/:na]
	at org.apache.rocketmq.remoting.netty.NettyRemotingAbstract.processMessageReceived(NettyRemotingAbstract.java:147) ~[classes/:na]
	at org.apache.rocketmq.remoting.netty.NettyRemotingServer$NettyServerHandler.channelRead0(NettyRemotingServer.java:397) ~[classes/:na]
	at org.apache.rocketmq.remoting.netty.NettyRemotingServer$NettyServerHandler.channelRead0(NettyRemotingServer.java:393) ~[classes/:na]
	at io.netty.channel.SimpleChannelInboundHandler.channelRead(SimpleChannelInboundHandler.java:105) ~[netty-all-4.0.42.Final.jar:4.0.42.Final]
	at io.netty.channel.AbstractChannelHandlerContext.invokeChannelRead(AbstractChannelHandlerContext.java:367) ~[netty-all-4.0.42.Final.jar:4.0.42.Final]
	at io.netty.channel.AbstractChannelHandlerContext.invokeChannelRead(AbstractChannelHandlerContext.java:353) ~[netty-all-4.0.42.Final.jar:4.0.42.Final]
	at io.netty.channel.AbstractChannelHandlerContext.fireChannelRead(AbstractChannelHandlerContext.java:346) ~[netty-all-4.0.42.Final.jar:4.0.42.Final]
	at io.netty.channel.ChannelInboundHandlerAdapter.channelRead(ChannelInboundHandlerAdapter.java:86) ~[netty-all-4.0.42.Final.jar:4.0.42.Final]
	at io.netty.channel.AbstractChannelHandlerContext.invokeChannelRead(AbstractChannelHandlerContext.java:367) ~[netty-all-4.0.42.Final.jar:4.0.42.Final]
	at io.netty.channel.AbstractChannelHandlerContext.invokeChannelRead(AbstractChannelHandlerContext.java:353) ~[netty-all-4.0.42.Final.jar:4.0.42.Final]
	at io.netty.channel.AbstractChannelHandlerContext.fireChannelRead(AbstractChannelHandlerContext.java:346) ~[netty-all-4.0.42.Final.jar:4.0.42.Final]
	at io.netty.handler.timeout.IdleStateHandler.channelRead(IdleStateHandler.java:266) ~[netty-all-4.0.42.Final.jar:4.0.42.Final]
	at io.netty.channel.AbstractChannelHandlerContext.invokeChannelRead(AbstractChannelHandlerContext.java:367) ~[netty-all-4.0.42.Final.jar:4.0.42.Final]
	at io.netty.channel.AbstractChannelHandlerContext.invokeChannelRead(AbstractChannelHandlerContext.java:353) ~[netty-all-4.0.42.Final.jar:4.0.42.Final]
	at io.netty.channel.AbstractChannelHandlerContext.fireChannelRead(AbstractChannelHandlerContext.java:346) ~[netty-all-4.0.42.Final.jar:4.0.42.Final]
	at io.netty.handler.codec.ByteToMessageDecoder.fireChannelRead(ByteToMessageDecoder.java:293) ~[netty-all-4.0.42.Final.jar:4.0.42.Final]
	at io.netty.handler.codec.ByteToMessageDecoder.channelRead(ByteToMessageDecoder.java:267) ~[netty-all-4.0.42.Final.jar:4.0.42.Final]
	at io.netty.channel.AbstractChannelHandlerContext.invokeChannelRead(AbstractChannelHandlerContext.java:367) ~[netty-all-4.0.42.Final.jar:4.0.42.Final]
	at io.netty.channel.AbstractChannelHandlerContext.invokeChannelRead(AbstractChannelHandlerContext.java:353) ~[netty-all-4.0.42.Final.jar:4.0.42.Final]
	at io.netty.channel.AbstractChannelHandlerContext.fireChannelRead(AbstractChannelHandlerContext.java:346) ~[netty-all-4.0.42.Final.jar:4.0.42.Final]
	at org.apache.rocketmq.remoting.netty.NettyRemotingServer$HandshakeHandler.channelRead0(NettyRemotingServer.java:389) ~[classes/:na]
	at org.apache.rocketmq.remoting.netty.NettyRemotingServer$HandshakeHandler.channelRead0(NettyRemotingServer.java:331) ~[classes/:na]
	at io.netty.channel.SimpleChannelInboundHandler.channelRead(SimpleChannelInboundHandler.java:105) ~[netty-all-4.0.42.Final.jar:4.0.42.Final]
	at io.netty.channel.AbstractChannelHandlerContext.invokeChannelRead(AbstractChannelHandlerContext.java:367) ~[netty-all-4.0.42.Final.jar:4.0.42.Final]
	at io.netty.channel.AbstractChannelHandlerContext.access$600(AbstractChannelHandlerContext.java:36) ~[netty-all-4.0.42.Final.jar:4.0.42.Final]
	at io.netty.channel.AbstractChannelHandlerContext$7.run(AbstractChannelHandlerContext.java:358) ~[netty-all-4.0.42.Final.jar:4.0.42.Final]
	at io.netty.util.concurrent.DefaultEventExecutor.run(DefaultEventExecutor.java:41) ~[netty-all-4.0.42.Final.jar:4.0.42.Final]
	at io.netty.util.concurrent.SingleThreadEventExecutor$2.run(SingleThreadEventExecutor.java:140) [netty-all-4.0.42.Final.jar:4.0.42.Final]
	at java.lang.Thread.run(Thread.java:748) [na:1.8.0_251]
2021-02-04 11:49:31 WARN NettyServerNIOSelector_3_2 - An exceptionCaught() event was fired, and it reached at the tail of the pipeline. It usually means the last handler in the pipeline did not handle the exception.
java.lang.NullPointerException: null
	at java.lang.String.<init>(String.java:566) ~[na:1.8.0_251]
	at org.apache.rocketmq.remoting.protocol.RemotingCommand.toString(RemotingCommand.java:532) ~[classes/:na]
	at org.apache.rocketmq.remoting.netty.NettyRemotingAbstract.processMessageReceived(NettyRemotingAbstract.java:147) ~[classes/:na]
	at org.apache.rocketmq.remoting.netty.NettyRemotingServer$NettyServerHandler.channelRead0(NettyRemotingServer.java:397) ~[classes/:na]
	at org.apache.rocketmq.remoting.netty.NettyRemotingServer$NettyServerHandler.channelRead0(NettyRemotingServer.java:393) ~[classes/:na]
	at io.netty.channel.SimpleChannelInboundHandler.channelRead(SimpleChannelInboundHandler.java:105) ~[netty-all-4.0.42.Final.jar:4.0.42.Final]
	at io.netty.channel.AbstractChannelHandlerContext.invokeChannelRead(AbstractChannelHandlerContext.java:367) ~[netty-all-4.0.42.Final.jar:4.0.42.Final]
	at io.netty.channel.AbstractChannelHandlerContext.invokeChannelRead(AbstractChannelHandlerContext.java:353) ~[netty-all-4.0.42.Final.jar:4.0.42.Final]
	at io.netty.channel.AbstractChannelHandlerContext.fireChannelRead(AbstractChannelHandlerContext.java:346) ~[netty-all-4.0.42.Final.jar:4.0.42.Final]
	at io.netty.channel.ChannelInboundHandlerAdapter.channelRead(ChannelInboundHandlerAdapter.java:86) ~[netty-all-4.0.42.Final.jar:4.0.42.Final]
	at io.netty.channel.AbstractChannelHandlerContext.invokeChannelRead(AbstractChannelHandlerContext.java:367) ~[netty-all-4.0.42.Final.jar:4.0.42.Final]
	at io.netty.channel.AbstractChannelHandlerContext.invokeChannelRead(AbstractChannelHandlerContext.java:353) ~[netty-all-4.0.42.Final.jar:4.0.42.Final]
	at io.netty.channel.AbstractChannelHandlerContext.fireChannelRead(AbstractChannelHandlerContext.java:346) ~[netty-all-4.0.42.Final.jar:4.0.42.Final]
	at io.netty.handler.timeout.IdleStateHandler.channelRead(IdleStateHandler.java:266) ~[netty-all-4.0.42.Final.jar:4.0.42.Final]
	at io.netty.channel.AbstractChannelHandlerContext.invokeChannelRead(AbstractChannelHandlerContext.java:367) ~[netty-all-4.0.42.Final.jar:4.0.42.Final]
	at io.netty.channel.AbstractChannelHandlerContext.invokeChannelRead(AbstractChannelHandlerContext.java:353) ~[netty-all-4.0.42.Final.jar:4.0.42.Final]
	at io.netty.channel.AbstractChannelHandlerContext.fireChannelRead(AbstractChannelHandlerContext.java:346) ~[netty-all-4.0.42.Final.jar:4.0.42.Final]
	at io.netty.handler.codec.ByteToMessageDecoder.fireChannelRead(ByteToMessageDecoder.java:293) ~[netty-all-4.0.42.Final.jar:4.0.42.Final]
	at io.netty.handler.codec.ByteToMessageDecoder.channelRead(ByteToMessageDecoder.java:267) ~[netty-all-4.0.42.Final.jar:4.0.42.Final]
	at io.netty.channel.AbstractChannelHandlerContext.invokeChannelRead(AbstractChannelHandlerContext.java:367) ~[netty-all-4.0.42.Final.jar:4.0.42.Final]
	at io.netty.channel.AbstractChannelHandlerContext.access$600(AbstractChannelHandlerContext.java:36) ~[netty-all-4.0.42.Final.jar:4.0.42.Final]
	at io.netty.channel.AbstractChannelHandlerContext$7.run(AbstractChannelHandlerContext.java:358) ~[netty-all-4.0.42.Final.jar:4.0.42.Final]
	at io.netty.util.concurrent.DefaultEventExecutor.run(DefaultEventExecutor.java:41) ~[netty-all-4.0.42.Final.jar:4.0.42.Final]
	at io.netty.util.concurrent.SingleThreadEventExecutor$2.run(SingleThreadEventExecutor.java:140) [netty-all-4.0.42.Final.jar:4.0.42.Final]
	at java.lang.Thread.run(Thread.java:748) [na:1.8.0_251]
2021-02-04 11:50:00 WARN NettyServerNIOSelector_3_3 - An exceptionCaught() event was fired, and it reached at the tail of the pipeline. It usually means the last handler in the pipeline did not handle the exception.
java.lang.NullPointerException: null
	at java.lang.String.<init>(String.java:566) ~[na:1.8.0_251]
	at org.apache.rocketmq.remoting.protocol.RemotingCommand.toString(RemotingCommand.java:532) ~[classes/:na]
	at org.apache.rocketmq.remoting.netty.NettyRemotingAbstract.processMessageReceived(NettyRemotingAbstract.java:147) ~[classes/:na]
	at org.apache.rocketmq.remoting.netty.NettyRemotingServer$NettyServerHandler.channelRead0(NettyRemotingServer.java:397) ~[classes/:na]
	at org.apache.rocketmq.remoting.netty.NettyRemotingServer$NettyServerHandler.channelRead0(NettyRemotingServer.java:393) ~[classes/:na]
	at io.netty.channel.SimpleChannelInboundHandler.channelRead(SimpleChannelInboundHandler.java:105) ~[netty-all-4.0.42.Final.jar:4.0.42.Final]
	at io.netty.channel.AbstractChannelHandlerContext.invokeChannelRead(AbstractChannelHandlerContext.java:367) ~[netty-all-4.0.42.Final.jar:4.0.42.Final]
	at io.netty.channel.AbstractChannelHandlerContext.invokeChannelRead(AbstractChannelHandlerContext.java:353) ~[netty-all-4.0.42.Final.jar:4.0.42.Final]
	at io.netty.channel.AbstractChannelHandlerContext.fireChannelRead(AbstractChannelHandlerContext.java:346) ~[netty-all-4.0.42.Final.jar:4.0.42.Final]
	at io.netty.channel.ChannelInboundHandlerAdapter.channelRead(ChannelInboundHandlerAdapter.java:86) ~[netty-all-4.0.42.Final.jar:4.0.42.Final]
	at io.netty.channel.AbstractChannelHandlerContext.invokeChannelRead(AbstractChannelHandlerContext.java:367) ~[netty-all-4.0.42.Final.jar:4.0.42.Final]
	at io.netty.channel.AbstractChannelHandlerContext.invokeChannelRead(AbstractChannelHandlerContext.java:353) ~[netty-all-4.0.42.Final.jar:4.0.42.Final]
	at io.netty.channel.AbstractChannelHandlerContext.fireChannelRead(AbstractChannelHandlerContext.java:346) ~[netty-all-4.0.42.Final.jar:4.0.42.Final]
	at io.netty.handler.timeout.IdleStateHandler.channelRead(IdleStateHandler.java:266) ~[netty-all-4.0.42.Final.jar:4.0.42.Final]
	at io.netty.channel.AbstractChannelHandlerContext.invokeChannelRead(AbstractChannelHandlerContext.java:367) ~[netty-all-4.0.42.Final.jar:4.0.42.Final]
	at io.netty.channel.AbstractChannelHandlerContext.invokeChannelRead(AbstractChannelHandlerContext.java:353) ~[netty-all-4.0.42.Final.jar:4.0.42.Final]
	at io.netty.channel.AbstractChannelHandlerContext.fireChannelRead(AbstractChannelHandlerContext.java:346) ~[netty-all-4.0.42.Final.jar:4.0.42.Final]
	at io.netty.handler.codec.ByteToMessageDecoder.fireChannelRead(ByteToMessageDecoder.java:293) ~[netty-all-4.0.42.Final.jar:4.0.42.Final]
	at io.netty.handler.codec.ByteToMessageDecoder.channelRead(ByteToMessageDecoder.java:267) ~[netty-all-4.0.42.Final.jar:4.0.42.Final]
	at io.netty.channel.AbstractChannelHandlerContext.invokeChannelRead(AbstractChannelHandlerContext.java:367) ~[netty-all-4.0.42.Final.jar:4.0.42.Final]
	at io.netty.channel.AbstractChannelHandlerContext.invokeChannelRead(AbstractChannelHandlerContext.java:353) ~[netty-all-4.0.42.Final.jar:4.0.42.Final]
	at io.netty.channel.AbstractChannelHandlerContext.fireChannelRead(AbstractChannelHandlerContext.java:346) ~[netty-all-4.0.42.Final.jar:4.0.42.Final]
	at org.apache.rocketmq.remoting.netty.NettyRemotingServer$HandshakeHandler.channelRead0(NettyRemotingServer.java:389) ~[classes/:na]
	at org.apache.rocketmq.remoting.netty.NettyRemotingServer$HandshakeHandler.channelRead0(NettyRemotingServer.java:331) ~[classes/:na]
	at io.netty.channel.SimpleChannelInboundHandler.channelRead(SimpleChannelInboundHandler.java:105) ~[netty-all-4.0.42.Final.jar:4.0.42.Final]
	at io.netty.channel.AbstractChannelHandlerContext.invokeChannelRead(AbstractChannelHandlerContext.java:367) ~[netty-all-4.0.42.Final.jar:4.0.42.Final]
	at io.netty.channel.AbstractChannelHandlerContext.access$600(AbstractChannelHandlerContext.java:36) ~[netty-all-4.0.42.Final.jar:4.0.42.Final]
	at io.netty.channel.AbstractChannelHandlerContext$7.run(AbstractChannelHandlerContext.java:358) ~[netty-all-4.0.42.Final.jar:4.0.42.Final]
	at io.netty.util.concurrent.DefaultEventExecutor.run(DefaultEventExecutor.java:41) ~[netty-all-4.0.42.Final.jar:4.0.42.Final]
	at io.netty.util.concurrent.SingleThreadEventExecutor$2.run(SingleThreadEventExecutor.java:140) [netty-all-4.0.42.Final.jar:4.0.42.Final]
	at java.lang.Thread.run(Thread.java:748) [na:1.8.0_251]
2021-02-04 11:50:00 WARN NettyServerNIOSelector_3_3 - An exceptionCaught() event was fired, and it reached at the tail of the pipeline. It usually means the last handler in the pipeline did not handle the exception.
java.lang.NullPointerException: null
	at java.lang.String.<init>(String.java:566) ~[na:1.8.0_251]
	at org.apache.rocketmq.remoting.protocol.RemotingCommand.toString(RemotingCommand.java:532) ~[classes/:na]
	at org.apache.rocketmq.remoting.netty.NettyRemotingAbstract.processMessageReceived(NettyRemotingAbstract.java:147) ~[classes/:na]
	at org.apache.rocketmq.remoting.netty.NettyRemotingServer$NettyServerHandler.channelRead0(NettyRemotingServer.java:397) ~[classes/:na]
	at org.apache.rocketmq.remoting.netty.NettyRemotingServer$NettyServerHandler.channelRead0(NettyRemotingServer.java:393) ~[classes/:na]
	at io.netty.channel.SimpleChannelInboundHandler.channelRead(SimpleChannelInboundHandler.java:105) ~[netty-all-4.0.42.Final.jar:4.0.42.Final]
	at io.netty.channel.AbstractChannelHandlerContext.invokeChannelRead(AbstractChannelHandlerContext.java:367) ~[netty-all-4.0.42.Final.jar:4.0.42.Final]
	at io.netty.channel.AbstractChannelHandlerContext.invokeChannelRead(AbstractChannelHandlerContext.java:353) ~[netty-all-4.0.42.Final.jar:4.0.42.Final]
	at io.netty.channel.AbstractChannelHandlerContext.fireChannelRead(AbstractChannelHandlerContext.java:346) ~[netty-all-4.0.42.Final.jar:4.0.42.Final]
	at io.netty.channel.ChannelInboundHandlerAdapter.channelRead(ChannelInboundHandlerAdapter.java:86) ~[netty-all-4.0.42.Final.jar:4.0.42.Final]
	at io.netty.channel.AbstractChannelHandlerContext.invokeChannelRead(AbstractChannelHandlerContext.java:367) ~[netty-all-4.0.42.Final.jar:4.0.42.Final]
	at io.netty.channel.AbstractChannelHandlerContext.invokeChannelRead(AbstractChannelHandlerContext.java:353) ~[netty-all-4.0.42.Final.jar:4.0.42.Final]
	at io.netty.channel.AbstractChannelHandlerContext.fireChannelRead(AbstractChannelHandlerContext.java:346) ~[netty-all-4.0.42.Final.jar:4.0.42.Final]
	at io.netty.handler.timeout.IdleStateHandler.channelRead(IdleStateHandler.java:266) ~[netty-all-4.0.42.Final.jar:4.0.42.Final]
	at io.netty.channel.AbstractChannelHandlerContext.invokeChannelRead(AbstractChannelHandlerContext.java:367) ~[netty-all-4.0.42.Final.jar:4.0.42.Final]
	at io.netty.channel.AbstractChannelHandlerContext.invokeChannelRead(AbstractChannelHandlerContext.java:353) ~[netty-all-4.0.42.Final.jar:4.0.42.Final]
	at io.netty.channel.AbstractChannelHandlerContext.fireChannelRead(AbstractChannelHandlerContext.java:346) ~[netty-all-4.0.42.Final.jar:4.0.42.Final]
	at io.netty.handler.codec.ByteToMessageDecoder.fireChannelRead(ByteToMessageDecoder.java:293) ~[netty-all-4.0.42.Final.jar:4.0.42.Final]
	at io.netty.handler.codec.ByteToMessageDecoder.channelRead(ByteToMessageDecoder.java:267) ~[netty-all-4.0.42.Final.jar:4.0.42.Final]
	at io.netty.channel.AbstractChannelHandlerContext.invokeChannelRead(AbstractChannelHandlerContext.java:367) ~[netty-all-4.0.42.Final.jar:4.0.42.Final]
	at io.netty.channel.AbstractChannelHandlerContext.access$600(AbstractChannelHandlerContext.java:36) ~[netty-all-4.0.42.Final.jar:4.0.42.Final]
	at io.netty.channel.AbstractChannelHandlerContext$7.run(AbstractChannelHandlerContext.java:358) ~[netty-all-4.0.42.Final.jar:4.0.42.Final]
	at io.netty.util.concurrent.DefaultEventExecutor.run(DefaultEventExecutor.java:41) ~[netty-all-4.0.42.Final.jar:4.0.42.Final]
	at io.netty.util.concurrent.SingleThreadEventExecutor$2.run(SingleThreadEventExecutor.java:140) [netty-all-4.0.42.Final.jar:4.0.42.Final]
	at java.lang.Thread.run(Thread.java:748) [na:1.8.0_251]
2021-02-04 11:50:30 WARN NettyServerNIOSelector_3_1 - An exceptionCaught() event was fired, and it reached at the tail of the pipeline. It usually means the last handler in the pipeline did not handle the exception.
java.lang.NullPointerException: null
	at java.lang.String.<init>(String.java:566) ~[na:1.8.0_251]
	at org.apache.rocketmq.remoting.protocol.RemotingCommand.toString(RemotingCommand.java:532) ~[classes/:na]
	at org.apache.rocketmq.remoting.netty.NettyRemotingAbstract.processMessageReceived(NettyRemotingAbstract.java:147) ~[classes/:na]
	at org.apache.rocketmq.remoting.netty.NettyRemotingServer$NettyServerHandler.channelRead0(NettyRemotingServer.java:397) ~[classes/:na]
	at org.apache.rocketmq.remoting.netty.NettyRemotingServer$NettyServerHandler.channelRead0(NettyRemotingServer.java:393) ~[classes/:na]
	at io.netty.channel.SimpleChannelInboundHandler.channelRead(SimpleChannelInboundHandler.java:105) ~[netty-all-4.0.42.Final.jar:4.0.42.Final]
	at io.netty.channel.AbstractChannelHandlerContext.invokeChannelRead(AbstractChannelHandlerContext.java:367) ~[netty-all-4.0.42.Final.jar:4.0.42.Final]
	at io.netty.channel.AbstractChannelHandlerContext.invokeChannelRead(AbstractChannelHandlerContext.java:353) ~[netty-all-4.0.42.Final.jar:4.0.42.Final]
	at io.netty.channel.AbstractChannelHandlerContext.fireChannelRead(AbstractChannelHandlerContext.java:346) ~[netty-all-4.0.42.Final.jar:4.0.42.Final]
	at io.netty.channel.ChannelInboundHandlerAdapter.channelRead(ChannelInboundHandlerAdapter.java:86) ~[netty-all-4.0.42.Final.jar:4.0.42.Final]
	at io.netty.channel.AbstractChannelHandlerContext.invokeChannelRead(AbstractChannelHandlerContext.java:367) ~[netty-all-4.0.42.Final.jar:4.0.42.Final]
	at io.netty.channel.AbstractChannelHandlerContext.invokeChannelRead(AbstractChannelHandlerContext.java:353) ~[netty-all-4.0.42.Final.jar:4.0.42.Final]
	at io.netty.channel.AbstractChannelHandlerContext.fireChannelRead(AbstractChannelHandlerContext.java:346) ~[netty-all-4.0.42.Final.jar:4.0.42.Final]
	at io.netty.handler.timeout.IdleStateHandler.channelRead(IdleStateHandler.java:266) ~[netty-all-4.0.42.Final.jar:4.0.42.Final]
	at io.netty.channel.AbstractChannelHandlerContext.invokeChannelRead(AbstractChannelHandlerContext.java:367) ~[netty-all-4.0.42.Final.jar:4.0.42.Final]
	at io.netty.channel.AbstractChannelHandlerContext.invokeChannelRead(AbstractChannelHandlerContext.java:353) ~[netty-all-4.0.42.Final.jar:4.0.42.Final]
	at io.netty.channel.AbstractChannelHandlerContext.fireChannelRead(AbstractChannelHandlerContext.java:346) ~[netty-all-4.0.42.Final.jar:4.0.42.Final]
	at io.netty.handler.codec.ByteToMessageDecoder.fireChannelRead(ByteToMessageDecoder.java:293) ~[netty-all-4.0.42.Final.jar:4.0.42.Final]
	at io.netty.handler.codec.ByteToMessageDecoder.channelRead(ByteToMessageDecoder.java:267) ~[netty-all-4.0.42.Final.jar:4.0.42.Final]
	at io.netty.channel.AbstractChannelHandlerContext.invokeChannelRead(AbstractChannelHandlerContext.java:367) ~[netty-all-4.0.42.Final.jar:4.0.42.Final]
	at io.netty.channel.AbstractChannelHandlerContext.invokeChannelRead(AbstractChannelHandlerContext.java:353) ~[netty-all-4.0.42.Final.jar:4.0.42.Final]
	at io.netty.channel.AbstractChannelHandlerContext.fireChannelRead(AbstractChannelHandlerContext.java:346) ~[netty-all-4.0.42.Final.jar:4.0.42.Final]
	at org.apache.rocketmq.remoting.netty.NettyRemotingServer$HandshakeHandler.channelRead0(NettyRemotingServer.java:389) ~[classes/:na]
	at org.apache.rocketmq.remoting.netty.NettyRemotingServer$HandshakeHandler.channelRead0(NettyRemotingServer.java:331) ~[classes/:na]
	at io.netty.channel.SimpleChannelInboundHandler.channelRead(SimpleChannelInboundHandler.java:105) ~[netty-all-4.0.42.Final.jar:4.0.42.Final]
	at io.netty.channel.AbstractChannelHandlerContext.invokeChannelRead(AbstractChannelHandlerContext.java:367) ~[netty-all-4.0.42.Final.jar:4.0.42.Final]
	at io.netty.channel.AbstractChannelHandlerContext.access$600(AbstractChannelHandlerContext.java:36) ~[netty-all-4.0.42.Final.jar:4.0.42.Final]
	at io.netty.channel.AbstractChannelHandlerContext$7.run(AbstractChannelHandlerContext.java:358) ~[netty-all-4.0.42.Final.jar:4.0.42.Final]
	at io.netty.util.concurrent.DefaultEventExecutor.run(DefaultEventExecutor.java:41) ~[netty-all-4.0.42.Final.jar:4.0.42.Final]
	at io.netty.util.concurrent.SingleThreadEventExecutor$2.run(SingleThreadEventExecutor.java:140) [netty-all-4.0.42.Final.jar:4.0.42.Final]
	at java.lang.Thread.run(Thread.java:748) [na:1.8.0_251]
2021-02-04 11:50:30 WARN NettyServerNIOSelector_3_1 - An exceptionCaught() event was fired, and it reached at the tail of the pipeline. It usually means the last handler in the pipeline did not handle the exception.
java.lang.NullPointerException: null
	at java.lang.String.<init>(String.java:566) ~[na:1.8.0_251]
	at org.apache.rocketmq.remoting.protocol.RemotingCommand.toString(RemotingCommand.java:532) ~[classes/:na]
	at org.apache.rocketmq.remoting.netty.NettyRemotingAbstract.processMessageReceived(NettyRemotingAbstract.java:147) ~[classes/:na]
	at org.apache.rocketmq.remoting.netty.NettyRemotingServer$NettyServerHandler.channelRead0(NettyRemotingServer.java:397) ~[classes/:na]
	at org.apache.rocketmq.remoting.netty.NettyRemotingServer$NettyServerHandler.channelRead0(NettyRemotingServer.java:393) ~[classes/:na]
	at io.netty.channel.SimpleChannelInboundHandler.channelRead(SimpleChannelInboundHandler.java:105) ~[netty-all-4.0.42.Final.jar:4.0.42.Final]
	at io.netty.channel.AbstractChannelHandlerContext.invokeChannelRead(AbstractChannelHandlerContext.java:367) ~[netty-all-4.0.42.Final.jar:4.0.42.Final]
	at io.netty.channel.AbstractChannelHandlerContext.invokeChannelRead(AbstractChannelHandlerContext.java:353) ~[netty-all-4.0.42.Final.jar:4.0.42.Final]
	at io.netty.channel.AbstractChannelHandlerContext.fireChannelRead(AbstractChannelHandlerContext.java:346) ~[netty-all-4.0.42.Final.jar:4.0.42.Final]
	at io.netty.channel.ChannelInboundHandlerAdapter.channelRead(ChannelInboundHandlerAdapter.java:86) ~[netty-all-4.0.42.Final.jar:4.0.42.Final]
	at io.netty.channel.AbstractChannelHandlerContext.invokeChannelRead(AbstractChannelHandlerContext.java:367) ~[netty-all-4.0.42.Final.jar:4.0.42.Final]
	at io.netty.channel.AbstractChannelHandlerContext.invokeChannelRead(AbstractChannelHandlerContext.java:353) ~[netty-all-4.0.42.Final.jar:4.0.42.Final]
	at io.netty.channel.AbstractChannelHandlerContext.fireChannelRead(AbstractChannelHandlerContext.java:346) ~[netty-all-4.0.42.Final.jar:4.0.42.Final]
	at io.netty.handler.timeout.IdleStateHandler.channelRead(IdleStateHandler.java:266) ~[netty-all-4.0.42.Final.jar:4.0.42.Final]
	at io.netty.channel.AbstractChannelHandlerContext.invokeChannelRead(AbstractChannelHandlerContext.java:367) ~[netty-all-4.0.42.Final.jar:4.0.42.Final]
	at io.netty.channel.AbstractChannelHandlerContext.invokeChannelRead(AbstractChannelHandlerContext.java:353) ~[netty-all-4.0.42.Final.jar:4.0.42.Final]
	at io.netty.channel.AbstractChannelHandlerContext.fireChannelRead(AbstractChannelHandlerContext.java:346) ~[netty-all-4.0.42.Final.jar:4.0.42.Final]
	at io.netty.handler.codec.ByteToMessageDecoder.fireChannelRead(ByteToMessageDecoder.java:293) ~[netty-all-4.0.42.Final.jar:4.0.42.Final]
	at io.netty.handler.codec.ByteToMessageDecoder.channelRead(ByteToMessageDecoder.java:267) ~[netty-all-4.0.42.Final.jar:4.0.42.Final]
	at io.netty.channel.AbstractChannelHandlerContext.invokeChannelRead(AbstractChannelHandlerContext.java:367) ~[netty-all-4.0.42.Final.jar:4.0.42.Final]
	at io.netty.channel.AbstractChannelHandlerContext.access$600(AbstractChannelHandlerContext.java:36) ~[netty-all-4.0.42.Final.jar:4.0.42.Final]
	at io.netty.channel.AbstractChannelHandlerContext$7.run(AbstractChannelHandlerContext.java:358) ~[netty-all-4.0.42.Final.jar:4.0.42.Final]
	at io.netty.util.concurrent.DefaultEventExecutor.run(DefaultEventExecutor.java:41) ~[netty-all-4.0.42.Final.jar:4.0.42.Final]
	at io.netty.util.concurrent.SingleThreadEventExecutor$2.run(SingleThreadEventExecutor.java:140) [netty-all-4.0.42.Final.jar:4.0.42.Final]
	at java.lang.Thread.run(Thread.java:748) [na:1.8.0_251]
2021-02-04 11:51:01 WARN NettyServerNIOSelector_3_2 - An exceptionCaught() event was fired, and it reached at the tail of the pipeline. It usually means the last handler in the pipeline did not handle the exception.
java.lang.NullPointerException: null
	at java.lang.String.<init>(String.java:566) ~[na:1.8.0_251]
	at org.apache.rocketmq.remoting.protocol.RemotingCommand.toString(RemotingCommand.java:532) ~[classes/:na]
	at org.apache.rocketmq.remoting.netty.NettyRemotingAbstract.processMessageReceived(NettyRemotingAbstract.java:147) ~[classes/:na]
	at org.apache.rocketmq.remoting.netty.NettyRemotingServer$NettyServerHandler.channelRead0(NettyRemotingServer.java:397) ~[classes/:na]
	at org.apache.rocketmq.remoting.netty.NettyRemotingServer$NettyServerHandler.channelRead0(NettyRemotingServer.java:393) ~[classes/:na]
	at io.netty.channel.SimpleChannelInboundHandler.channelRead(SimpleChannelInboundHandler.java:105) ~[netty-all-4.0.42.Final.jar:4.0.42.Final]
	at io.netty.channel.AbstractChannelHandlerContext.invokeChannelRead(AbstractChannelHandlerContext.java:367) ~[netty-all-4.0.42.Final.jar:4.0.42.Final]
	at io.netty.channel.AbstractChannelHandlerContext.invokeChannelRead(AbstractChannelHandlerContext.java:353) ~[netty-all-4.0.42.Final.jar:4.0.42.Final]
	at io.netty.channel.AbstractChannelHandlerContext.fireChannelRead(AbstractChannelHandlerContext.java:346) ~[netty-all-4.0.42.Final.jar:4.0.42.Final]
	at io.netty.channel.ChannelInboundHandlerAdapter.channelRead(ChannelInboundHandlerAdapter.java:86) ~[netty-all-4.0.42.Final.jar:4.0.42.Final]
	at io.netty.channel.AbstractChannelHandlerContext.invokeChannelRead(AbstractChannelHandlerContext.java:367) ~[netty-all-4.0.42.Final.jar:4.0.42.Final]
	at io.netty.channel.AbstractChannelHandlerContext.invokeChannelRead(AbstractChannelHandlerContext.java:353) ~[netty-all-4.0.42.Final.jar:4.0.42.Final]
	at io.netty.channel.AbstractChannelHandlerContext.fireChannelRead(AbstractChannelHandlerContext.java:346) ~[netty-all-4.0.42.Final.jar:4.0.42.Final]
	at io.netty.handler.timeout.IdleStateHandler.channelRead(IdleStateHandler.java:266) ~[netty-all-4.0.42.Final.jar:4.0.42.Final]
	at io.netty.channel.AbstractChannelHandlerContext.invokeChannelRead(AbstractChannelHandlerContext.java:367) ~[netty-all-4.0.42.Final.jar:4.0.42.Final]
	at io.netty.channel.AbstractChannelHandlerContext.invokeChannelRead(AbstractChannelHandlerContext.java:353) ~[netty-all-4.0.42.Final.jar:4.0.42.Final]
	at io.netty.channel.AbstractChannelHandlerContext.fireChannelRead(AbstractChannelHandlerContext.java:346) ~[netty-all-4.0.42.Final.jar:4.0.42.Final]
	at io.netty.handler.codec.ByteToMessageDecoder.fireChannelRead(ByteToMessageDecoder.java:293) ~[netty-all-4.0.42.Final.jar:4.0.42.Final]
	at io.netty.handler.codec.ByteToMessageDecoder.channelRead(ByteToMessageDecoder.java:267) ~[netty-all-4.0.42.Final.jar:4.0.42.Final]
	at io.netty.channel.AbstractChannelHandlerContext.invokeChannelRead(AbstractChannelHandlerContext.java:367) ~[netty-all-4.0.42.Final.jar:4.0.42.Final]
	at io.netty.channel.AbstractChannelHandlerContext.invokeChannelRead(AbstractChannelHandlerContext.java:353) ~[netty-all-4.0.42.Final.jar:4.0.42.Final]
	at io.netty.channel.AbstractChannelHandlerContext.fireChannelRead(AbstractChannelHandlerContext.java:346) ~[netty-all-4.0.42.Final.jar:4.0.42.Final]
	at org.apache.rocketmq.remoting.netty.NettyRemotingServer$HandshakeHandler.channelRead0(NettyRemotingServer.java:389) ~[classes/:na]
	at org.apache.rocketmq.remoting.netty.NettyRemotingServer$HandshakeHandler.channelRead0(NettyRemotingServer.java:331) ~[classes/:na]
	at io.netty.channel.SimpleChannelInboundHandler.channelRead(SimpleChannelInboundHandler.java:105) ~[netty-all-4.0.42.Final.jar:4.0.42.Final]
	at io.netty.channel.AbstractChannelHandlerContext.invokeChannelRead(AbstractChannelHandlerContext.java:367) ~[netty-all-4.0.42.Final.jar:4.0.42.Final]
	at io.netty.channel.AbstractChannelHandlerContext.access$600(AbstractChannelHandlerContext.java:36) ~[netty-all-4.0.42.Final.jar:4.0.42.Final]
	at io.netty.channel.AbstractChannelHandlerContext$7.run(AbstractChannelHandlerContext.java:358) ~[netty-all-4.0.42.Final.jar:4.0.42.Final]
	at io.netty.util.concurrent.DefaultEventExecutor.run(DefaultEventExecutor.java:41) ~[netty-all-4.0.42.Final.jar:4.0.42.Final]
	at io.netty.util.concurrent.SingleThreadEventExecutor$2.run(SingleThreadEventExecutor.java:140) [netty-all-4.0.42.Final.jar:4.0.42.Final]
	at java.lang.Thread.run(Thread.java:748) [na:1.8.0_251]
2021-02-04 11:51:01 WARN NettyServerNIOSelector_3_2 - An exceptionCaught() event was fired, and it reached at the tail of the pipeline. It usually means the last handler in the pipeline did not handle the exception.
java.lang.NullPointerException: null
	at java.lang.String.<init>(String.java:566) ~[na:1.8.0_251]
	at org.apache.rocketmq.remoting.protocol.RemotingCommand.toString(RemotingCommand.java:532) ~[classes/:na]
	at org.apache.rocketmq.remoting.netty.NettyRemotingAbstract.processMessageReceived(NettyRemotingAbstract.java:147) ~[classes/:na]
	at org.apache.rocketmq.remoting.netty.NettyRemotingServer$NettyServerHandler.channelRead0(NettyRemotingServer.java:397) ~[classes/:na]
	at org.apache.rocketmq.remoting.netty.NettyRemotingServer$NettyServerHandler.channelRead0(NettyRemotingServer.java:393) ~[classes/:na]
	at io.netty.channel.SimpleChannelInboundHandler.channelRead(SimpleChannelInboundHandler.java:105) ~[netty-all-4.0.42.Final.jar:4.0.42.Final]
	at io.netty.channel.AbstractChannelHandlerContext.invokeChannelRead(AbstractChannelHandlerContext.java:367) ~[netty-all-4.0.42.Final.jar:4.0.42.Final]
	at io.netty.channel.AbstractChannelHandlerContext.invokeChannelRead(AbstractChannelHandlerContext.java:353) ~[netty-all-4.0.42.Final.jar:4.0.42.Final]
	at io.netty.channel.AbstractChannelHandlerContext.fireChannelRead(AbstractChannelHandlerContext.java:346) ~[netty-all-4.0.42.Final.jar:4.0.42.Final]
	at io.netty.channel.ChannelInboundHandlerAdapter.channelRead(ChannelInboundHandlerAdapter.java:86) ~[netty-all-4.0.42.Final.jar:4.0.42.Final]
	at io.netty.channel.AbstractChannelHandlerContext.invokeChannelRead(AbstractChannelHandlerContext.java:367) ~[netty-all-4.0.42.Final.jar:4.0.42.Final]
	at io.netty.channel.AbstractChannelHandlerContext.invokeChannelRead(AbstractChannelHandlerContext.java:353) ~[netty-all-4.0.42.Final.jar:4.0.42.Final]
	at io.netty.channel.AbstractChannelHandlerContext.fireChannelRead(AbstractChannelHandlerContext.java:346) ~[netty-all-4.0.42.Final.jar:4.0.42.Final]
	at io.netty.handler.timeout.IdleStateHandler.channelRead(IdleStateHandler.java:266) ~[netty-all-4.0.42.Final.jar:4.0.42.Final]
	at io.netty.channel.AbstractChannelHandlerContext.invokeChannelRead(AbstractChannelHandlerContext.java:367) ~[netty-all-4.0.42.Final.jar:4.0.42.Final]
	at io.netty.channel.AbstractChannelHandlerContext.invokeChannelRead(AbstractChannelHandlerContext.java:353) ~[netty-all-4.0.42.Final.jar:4.0.42.Final]
	at io.netty.channel.AbstractChannelHandlerContext.fireChannelRead(AbstractChannelHandlerContext.java:346) ~[netty-all-4.0.42.Final.jar:4.0.42.Final]
	at io.netty.handler.codec.ByteToMessageDecoder.fireChannelRead(ByteToMessageDecoder.java:293) ~[netty-all-4.0.42.Final.jar:4.0.42.Final]
	at io.netty.handler.codec.ByteToMessageDecoder.channelRead(ByteToMessageDecoder.java:267) ~[netty-all-4.0.42.Final.jar:4.0.42.Final]
	at io.netty.channel.AbstractChannelHandlerContext.invokeChannelRead(AbstractChannelHandlerContext.java:367) ~[netty-all-4.0.42.Final.jar:4.0.42.Final]
	at io.netty.channel.AbstractChannelHandlerContext.access$600(AbstractChannelHandlerContext.java:36) ~[netty-all-4.0.42.Final.jar:4.0.42.Final]
	at io.netty.channel.AbstractChannelHandlerContext$7.run(AbstractChannelHandlerContext.java:358) ~[netty-all-4.0.42.Final.jar:4.0.42.Final]
	at io.netty.util.concurrent.DefaultEventExecutor.run(DefaultEventExecutor.java:41) ~[netty-all-4.0.42.Final.jar:4.0.42.Final]
	at io.netty.util.concurrent.SingleThreadEventExecutor$2.run(SingleThreadEventExecutor.java:140) [netty-all-4.0.42.Final.jar:4.0.42.Final]
	at java.lang.Thread.run(Thread.java:748) [na:1.8.0_251]
2021-02-04 11:51:30 WARN NettyServerNIOSelector_3_3 - An exceptionCaught() event was fired, and it reached at the tail of the pipeline. It usually means the last handler in the pipeline did not handle the exception.
java.lang.NullPointerException: null
	at java.lang.String.<init>(String.java:566) ~[na:1.8.0_251]
	at org.apache.rocketmq.remoting.protocol.RemotingCommand.toString(RemotingCommand.java:532) ~[classes/:na]
	at org.apache.rocketmq.remoting.netty.NettyRemotingAbstract.processMessageReceived(NettyRemotingAbstract.java:147) ~[classes/:na]
	at org.apache.rocketmq.remoting.netty.NettyRemotingServer$NettyServerHandler.channelRead0(NettyRemotingServer.java:397) ~[classes/:na]
	at org.apache.rocketmq.remoting.netty.NettyRemotingServer$NettyServerHandler.channelRead0(NettyRemotingServer.java:393) ~[classes/:na]
	at io.netty.channel.SimpleChannelInboundHandler.channelRead(SimpleChannelInboundHandler.java:105) ~[netty-all-4.0.42.Final.jar:4.0.42.Final]
	at io.netty.channel.AbstractChannelHandlerContext.invokeChannelRead(AbstractChannelHandlerContext.java:367) ~[netty-all-4.0.42.Final.jar:4.0.42.Final]
	at io.netty.channel.AbstractChannelHandlerContext.invokeChannelRead(AbstractChannelHandlerContext.java:353) ~[netty-all-4.0.42.Final.jar:4.0.42.Final]
	at io.netty.channel.AbstractChannelHandlerContext.fireChannelRead(AbstractChannelHandlerContext.java:346) ~[netty-all-4.0.42.Final.jar:4.0.42.Final]
	at io.netty.channel.ChannelInboundHandlerAdapter.channelRead(ChannelInboundHandlerAdapter.java:86) ~[netty-all-4.0.42.Final.jar:4.0.42.Final]
	at io.netty.channel.AbstractChannelHandlerContext.invokeChannelRead(AbstractChannelHandlerContext.java:367) ~[netty-all-4.0.42.Final.jar:4.0.42.Final]
	at io.netty.channel.AbstractChannelHandlerContext.invokeChannelRead(AbstractChannelHandlerContext.java:353) ~[netty-all-4.0.42.Final.jar:4.0.42.Final]
	at io.netty.channel.AbstractChannelHandlerContext.fireChannelRead(AbstractChannelHandlerContext.java:346) ~[netty-all-4.0.42.Final.jar:4.0.42.Final]
	at io.netty.handler.timeout.IdleStateHandler.channelRead(IdleStateHandler.java:266) ~[netty-all-4.0.42.Final.jar:4.0.42.Final]
	at io.netty.channel.AbstractChannelHandlerContext.invokeChannelRead(AbstractChannelHandlerContext.java:367) ~[netty-all-4.0.42.Final.jar:4.0.42.Final]
	at io.netty.channel.AbstractChannelHandlerContext.invokeChannelRead(AbstractChannelHandlerContext.java:353) ~[netty-all-4.0.42.Final.jar:4.0.42.Final]
	at io.netty.channel.AbstractChannelHandlerContext.fireChannelRead(AbstractChannelHandlerContext.java:346) ~[netty-all-4.0.42.Final.jar:4.0.42.Final]
	at io.netty.handler.codec.ByteToMessageDecoder.fireChannelRead(ByteToMessageDecoder.java:293) ~[netty-all-4.0.42.Final.jar:4.0.42.Final]
	at io.netty.handler.codec.ByteToMessageDecoder.channelRead(ByteToMessageDecoder.java:267) ~[netty-all-4.0.42.Final.jar:4.0.42.Final]
	at io.netty.channel.AbstractChannelHandlerContext.invokeChannelRead(AbstractChannelHandlerContext.java:367) ~[netty-all-4.0.42.Final.jar:4.0.42.Final]
	at io.netty.channel.AbstractChannelHandlerContext.invokeChannelRead(AbstractChannelHandlerContext.java:353) ~[netty-all-4.0.42.Final.jar:4.0.42.Final]
	at io.netty.channel.AbstractChannelHandlerContext.fireChannelRead(AbstractChannelHandlerContext.java:346) ~[netty-all-4.0.42.Final.jar:4.0.42.Final]
	at org.apache.rocketmq.remoting.netty.NettyRemotingServer$HandshakeHandler.channelRead0(NettyRemotingServer.java:389) ~[classes/:na]
	at org.apache.rocketmq.remoting.netty.NettyRemotingServer$HandshakeHandler.channelRead0(NettyRemotingServer.java:331) ~[classes/:na]
	at io.netty.channel.SimpleChannelInboundHandler.channelRead(SimpleChannelInboundHandler.java:105) ~[netty-all-4.0.42.Final.jar:4.0.42.Final]
	at io.netty.channel.AbstractChannelHandlerContext.invokeChannelRead(AbstractChannelHandlerContext.java:367) ~[netty-all-4.0.42.Final.jar:4.0.42.Final]
	at io.netty.channel.AbstractChannelHandlerContext.access$600(AbstractChannelHandlerContext.java:36) ~[netty-all-4.0.42.Final.jar:4.0.42.Final]
	at io.netty.channel.AbstractChannelHandlerContext$7.run(AbstractChannelHandlerContext.java:358) ~[netty-all-4.0.42.Final.jar:4.0.42.Final]
	at io.netty.util.concurrent.DefaultEventExecutor.run(DefaultEventExecutor.java:41) ~[netty-all-4.0.42.Final.jar:4.0.42.Final]
	at io.netty.util.concurrent.SingleThreadEventExecutor$2.run(SingleThreadEventExecutor.java:140) [netty-all-4.0.42.Final.jar:4.0.42.Final]
	at java.lang.Thread.run(Thread.java:748) [na:1.8.0_251]
2021-02-04 11:51:30 WARN NettyServerNIOSelector_3_3 - An exceptionCaught() event was fired, and it reached at the tail of the pipeline. It usually means the last handler in the pipeline did not handle the exception.
java.lang.NullPointerException: null
	at java.lang.String.<init>(String.java:566) ~[na:1.8.0_251]
	at org.apache.rocketmq.remoting.protocol.RemotingCommand.toString(RemotingCommand.java:532) ~[classes/:na]
	at org.apache.rocketmq.remoting.netty.NettyRemotingAbstract.processMessageReceived(NettyRemotingAbstract.java:147) ~[classes/:na]
	at org.apache.rocketmq.remoting.netty.NettyRemotingServer$NettyServerHandler.channelRead0(NettyRemotingServer.java:397) ~[classes/:na]
	at org.apache.rocketmq.remoting.netty.NettyRemotingServer$NettyServerHandler.channelRead0(NettyRemotingServer.java:393) ~[classes/:na]
	at io.netty.channel.SimpleChannelInboundHandler.channelRead(SimpleChannelInboundHandler.java:105) ~[netty-all-4.0.42.Final.jar:4.0.42.Final]
	at io.netty.channel.AbstractChannelHandlerContext.invokeChannelRead(AbstractChannelHandlerContext.java:367) ~[netty-all-4.0.42.Final.jar:4.0.42.Final]
	at io.netty.channel.AbstractChannelHandlerContext.invokeChannelRead(AbstractChannelHandlerContext.java:353) ~[netty-all-4.0.42.Final.jar:4.0.42.Final]
	at io.netty.channel.AbstractChannelHandlerContext.fireChannelRead(AbstractChannelHandlerContext.java:346) ~[netty-all-4.0.42.Final.jar:4.0.42.Final]
	at io.netty.channel.ChannelInboundHandlerAdapter.channelRead(ChannelInboundHandlerAdapter.java:86) ~[netty-all-4.0.42.Final.jar:4.0.42.Final]
	at io.netty.channel.AbstractChannelHandlerContext.invokeChannelRead(AbstractChannelHandlerContext.java:367) ~[netty-all-4.0.42.Final.jar:4.0.42.Final]
	at io.netty.channel.AbstractChannelHandlerContext.invokeChannelRead(AbstractChannelHandlerContext.java:353) ~[netty-all-4.0.42.Final.jar:4.0.42.Final]
	at io.netty.channel.AbstractChannelHandlerContext.fireChannelRead(AbstractChannelHandlerContext.java:346) ~[netty-all-4.0.42.Final.jar:4.0.42.Final]
	at io.netty.handler.timeout.IdleStateHandler.channelRead(IdleStateHandler.java:266) ~[netty-all-4.0.42.Final.jar:4.0.42.Final]
	at io.netty.channel.AbstractChannelHandlerContext.invokeChannelRead(AbstractChannelHandlerContext.java:367) ~[netty-all-4.0.42.Final.jar:4.0.42.Final]
	at io.netty.channel.AbstractChannelHandlerContext.invokeChannelRead(AbstractChannelHandlerContext.java:353) ~[netty-all-4.0.42.Final.jar:4.0.42.Final]
	at io.netty.channel.AbstractChannelHandlerContext.fireChannelRead(AbstractChannelHandlerContext.java:346) ~[netty-all-4.0.42.Final.jar:4.0.42.Final]
	at io.netty.handler.codec.ByteToMessageDecoder.fireChannelRead(ByteToMessageDecoder.java:293) ~[netty-all-4.0.42.Final.jar:4.0.42.Final]
	at io.netty.handler.codec.ByteToMessageDecoder.channelRead(ByteToMessageDecoder.java:267) ~[netty-all-4.0.42.Final.jar:4.0.42.Final]
	at io.netty.channel.AbstractChannelHandlerContext.invokeChannelRead(AbstractChannelHandlerContext.java:367) ~[netty-all-4.0.42.Final.jar:4.0.42.Final]
	at io.netty.channel.AbstractChannelHandlerContext.access$600(AbstractChannelHandlerContext.java:36) ~[netty-all-4.0.42.Final.jar:4.0.42.Final]
	at io.netty.channel.AbstractChannelHandlerContext$7.run(AbstractChannelHandlerContext.java:358) ~[netty-all-4.0.42.Final.jar:4.0.42.Final]
	at io.netty.util.concurrent.DefaultEventExecutor.run(DefaultEventExecutor.java:41) ~[netty-all-4.0.42.Final.jar:4.0.42.Final]
	at io.netty.util.concurrent.SingleThreadEventExecutor$2.run(SingleThreadEventExecutor.java:140) [netty-all-4.0.42.Final.jar:4.0.42.Final]
	at java.lang.Thread.run(Thread.java:748) [na:1.8.0_251]
2021-02-04 11:51:54 WARN NettyServerNIOSelector_3_1 - An exceptionCaught() event was fired, and it reached at the tail of the pipeline. It usually means the last handler in the pipeline did not handle the exception.
java.lang.NullPointerException: null
	at java.lang.String.<init>(String.java:566) ~[na:1.8.0_251]
	at org.apache.rocketmq.remoting.protocol.RemotingCommand.toString(RemotingCommand.java:532) ~[classes/:na]
	at org.apache.rocketmq.remoting.netty.NettyRemotingAbstract.processMessageReceived(NettyRemotingAbstract.java:147) ~[classes/:na]
	at org.apache.rocketmq.remoting.netty.NettyRemotingServer$NettyServerHandler.channelRead0(NettyRemotingServer.java:397) ~[classes/:na]
	at org.apache.rocketmq.remoting.netty.NettyRemotingServer$NettyServerHandler.channelRead0(NettyRemotingServer.java:393) ~[classes/:na]
	at io.netty.channel.SimpleChannelInboundHandler.channelRead(SimpleChannelInboundHandler.java:105) ~[netty-all-4.0.42.Final.jar:4.0.42.Final]
	at io.netty.channel.AbstractChannelHandlerContext.invokeChannelRead(AbstractChannelHandlerContext.java:367) ~[netty-all-4.0.42.Final.jar:4.0.42.Final]
	at io.netty.channel.AbstractChannelHandlerContext.invokeChannelRead(AbstractChannelHandlerContext.java:353) ~[netty-all-4.0.42.Final.jar:4.0.42.Final]
	at io.netty.channel.AbstractChannelHandlerContext.fireChannelRead(AbstractChannelHandlerContext.java:346) ~[netty-all-4.0.42.Final.jar:4.0.42.Final]
	at io.netty.channel.ChannelInboundHandlerAdapter.channelRead(ChannelInboundHandlerAdapter.java:86) ~[netty-all-4.0.42.Final.jar:4.0.42.Final]
	at io.netty.channel.AbstractChannelHandlerContext.invokeChannelRead(AbstractChannelHandlerContext.java:367) ~[netty-all-4.0.42.Final.jar:4.0.42.Final]
	at io.netty.channel.AbstractChannelHandlerContext.invokeChannelRead(AbstractChannelHandlerContext.java:353) ~[netty-all-4.0.42.Final.jar:4.0.42.Final]
	at io.netty.channel.AbstractChannelHandlerContext.fireChannelRead(AbstractChannelHandlerContext.java:346) ~[netty-all-4.0.42.Final.jar:4.0.42.Final]
	at io.netty.handler.timeout.IdleStateHandler.channelRead(IdleStateHandler.java:266) ~[netty-all-4.0.42.Final.jar:4.0.42.Final]
	at io.netty.channel.AbstractChannelHandlerContext.invokeChannelRead(AbstractChannelHandlerContext.java:367) ~[netty-all-4.0.42.Final.jar:4.0.42.Final]
	at io.netty.channel.AbstractChannelHandlerContext.invokeChannelRead(AbstractChannelHandlerContext.java:353) ~[netty-all-4.0.42.Final.jar:4.0.42.Final]
	at io.netty.channel.AbstractChannelHandlerContext.fireChannelRead(AbstractChannelHandlerContext.java:346) ~[netty-all-4.0.42.Final.jar:4.0.42.Final]
	at io.netty.handler.codec.ByteToMessageDecoder.fireChannelRead(ByteToMessageDecoder.java:293) ~[netty-all-4.0.42.Final.jar:4.0.42.Final]
	at io.netty.handler.codec.ByteToMessageDecoder.channelRead(ByteToMessageDecoder.java:267) ~[netty-all-4.0.42.Final.jar:4.0.42.Final]
	at io.netty.channel.AbstractChannelHandlerContext.invokeChannelRead(AbstractChannelHandlerContext.java:367) ~[netty-all-4.0.42.Final.jar:4.0.42.Final]
	at io.netty.channel.AbstractChannelHandlerContext.invokeChannelRead(AbstractChannelHandlerContext.java:353) ~[netty-all-4.0.42.Final.jar:4.0.42.Final]
	at io.netty.channel.AbstractChannelHandlerContext.fireChannelRead(AbstractChannelHandlerContext.java:346) ~[netty-all-4.0.42.Final.jar:4.0.42.Final]
	at org.apache.rocketmq.remoting.netty.NettyRemotingServer$HandshakeHandler.channelRead0(NettyRemotingServer.java:389) ~[classes/:na]
	at org.apache.rocketmq.remoting.netty.NettyRemotingServer$HandshakeHandler.channelRead0(NettyRemotingServer.java:331) ~[classes/:na]
	at io.netty.channel.SimpleChannelInboundHandler.channelRead(SimpleChannelInboundHandler.java:105) ~[netty-all-4.0.42.Final.jar:4.0.42.Final]
	at io.netty.channel.AbstractChannelHandlerContext.invokeChannelRead(AbstractChannelHandlerContext.java:367) ~[netty-all-4.0.42.Final.jar:4.0.42.Final]
	at io.netty.channel.AbstractChannelHandlerContext.access$600(AbstractChannelHandlerContext.java:36) ~[netty-all-4.0.42.Final.jar:4.0.42.Final]
	at io.netty.channel.AbstractChannelHandlerContext$7.run(AbstractChannelHandlerContext.java:358) ~[netty-all-4.0.42.Final.jar:4.0.42.Final]
	at io.netty.util.concurrent.DefaultEventExecutor.run(DefaultEventExecutor.java:41) ~[netty-all-4.0.42.Final.jar:4.0.42.Final]
	at io.netty.util.concurrent.SingleThreadEventExecutor$2.run(SingleThreadEventExecutor.java:140) [netty-all-4.0.42.Final.jar:4.0.42.Final]
	at java.lang.Thread.run(Thread.java:748) [na:1.8.0_251]
2021-02-04 11:52:00 WARN NettyServerNIOSelector_3_2 - An exceptionCaught() event was fired, and it reached at the tail of the pipeline. It usually means the last handler in the pipeline did not handle the exception.
java.lang.NullPointerException: null
	at java.lang.String.<init>(String.java:566) ~[na:1.8.0_251]
	at org.apache.rocketmq.remoting.protocol.RemotingCommand.toString(RemotingCommand.java:532) ~[classes/:na]
	at org.apache.rocketmq.remoting.netty.NettyRemotingAbstract.processMessageReceived(NettyRemotingAbstract.java:147) ~[classes/:na]
	at org.apache.rocketmq.remoting.netty.NettyRemotingServer$NettyServerHandler.channelRead0(NettyRemotingServer.java:397) ~[classes/:na]
	at org.apache.rocketmq.remoting.netty.NettyRemotingServer$NettyServerHandler.channelRead0(NettyRemotingServer.java:393) ~[classes/:na]
	at io.netty.channel.SimpleChannelInboundHandler.channelRead(SimpleChannelInboundHandler.java:105) ~[netty-all-4.0.42.Final.jar:4.0.42.Final]
	at io.netty.channel.AbstractChannelHandlerContext.invokeChannelRead(AbstractChannelHandlerContext.java:367) ~[netty-all-4.0.42.Final.jar:4.0.42.Final]
	at io.netty.channel.AbstractChannelHandlerContext.invokeChannelRead(AbstractChannelHandlerContext.java:353) ~[netty-all-4.0.42.Final.jar:4.0.42.Final]
	at io.netty.channel.AbstractChannelHandlerContext.fireChannelRead(AbstractChannelHandlerContext.java:346) ~[netty-all-4.0.42.Final.jar:4.0.42.Final]
	at io.netty.channel.ChannelInboundHandlerAdapter.channelRead(ChannelInboundHandlerAdapter.java:86) ~[netty-all-4.0.42.Final.jar:4.0.42.Final]
	at io.netty.channel.AbstractChannelHandlerContext.invokeChannelRead(AbstractChannelHandlerContext.java:367) ~[netty-all-4.0.42.Final.jar:4.0.42.Final]
	at io.netty.channel.AbstractChannelHandlerContext.invokeChannelRead(AbstractChannelHandlerContext.java:353) ~[netty-all-4.0.42.Final.jar:4.0.42.Final]
	at io.netty.channel.AbstractChannelHandlerContext.fireChannelRead(AbstractChannelHandlerContext.java:346) ~[netty-all-4.0.42.Final.jar:4.0.42.Final]
	at io.netty.handler.timeout.IdleStateHandler.channelRead(IdleStateHandler.java:266) ~[netty-all-4.0.42.Final.jar:4.0.42.Final]
	at io.netty.channel.AbstractChannelHandlerContext.invokeChannelRead(AbstractChannelHandlerContext.java:367) ~[netty-all-4.0.42.Final.jar:4.0.42.Final]
	at io.netty.channel.AbstractChannelHandlerContext.invokeChannelRead(AbstractChannelHandlerContext.java:353) ~[netty-all-4.0.42.Final.jar:4.0.42.Final]
	at io.netty.channel.AbstractChannelHandlerContext.fireChannelRead(AbstractChannelHandlerContext.java:346) ~[netty-all-4.0.42.Final.jar:4.0.42.Final]
	at io.netty.handler.codec.ByteToMessageDecoder.fireChannelRead(ByteToMessageDecoder.java:293) ~[netty-all-4.0.42.Final.jar:4.0.42.Final]
	at io.netty.handler.codec.ByteToMessageDecoder.channelRead(ByteToMessageDecoder.java:267) ~[netty-all-4.0.42.Final.jar:4.0.42.Final]
	at io.netty.channel.AbstractChannelHandlerContext.invokeChannelRead(AbstractChannelHandlerContext.java:367) ~[netty-all-4.0.42.Final.jar:4.0.42.Final]
	at io.netty.channel.AbstractChannelHandlerContext.invokeChannelRead(AbstractChannelHandlerContext.java:353) ~[netty-all-4.0.42.Final.jar:4.0.42.Final]
	at io.netty.channel.AbstractChannelHandlerContext.fireChannelRead(AbstractChannelHandlerContext.java:346) ~[netty-all-4.0.42.Final.jar:4.0.42.Final]
	at org.apache.rocketmq.remoting.netty.NettyRemotingServer$HandshakeHandler.channelRead0(NettyRemotingServer.java:389) ~[classes/:na]
	at org.apache.rocketmq.remoting.netty.NettyRemotingServer$HandshakeHandler.channelRead0(NettyRemotingServer.java:331) ~[classes/:na]
	at io.netty.channel.SimpleChannelInboundHandler.channelRead(SimpleChannelInboundHandler.java:105) ~[netty-all-4.0.42.Final.jar:4.0.42.Final]
	at io.netty.channel.AbstractChannelHandlerContext.invokeChannelRead(AbstractChannelHandlerContext.java:367) ~[netty-all-4.0.42.Final.jar:4.0.42.Final]
	at io.netty.channel.AbstractChannelHandlerContext.access$600(AbstractChannelHandlerContext.java:36) ~[netty-all-4.0.42.Final.jar:4.0.42.Final]
	at io.netty.channel.AbstractChannelHandlerContext$7.run(AbstractChannelHandlerContext.java:358) ~[netty-all-4.0.42.Final.jar:4.0.42.Final]
	at io.netty.util.concurrent.DefaultEventExecutor.run(DefaultEventExecutor.java:41) ~[netty-all-4.0.42.Final.jar:4.0.42.Final]
	at io.netty.util.concurrent.SingleThreadEventExecutor$2.run(SingleThreadEventExecutor.java:140) [netty-all-4.0.42.Final.jar:4.0.42.Final]
	at java.lang.Thread.run(Thread.java:748) [na:1.8.0_251]
2021-02-04 11:52:00 WARN NettyServerNIOSelector_3_2 - An exceptionCaught() event was fired, and it reached at the tail of the pipeline. It usually means the last handler in the pipeline did not handle the exception.
java.lang.NullPointerException: null
	at java.lang.String.<init>(String.java:566) ~[na:1.8.0_251]
	at org.apache.rocketmq.remoting.protocol.RemotingCommand.toString(RemotingCommand.java:532) ~[classes/:na]
	at org.apache.rocketmq.remoting.netty.NettyRemotingAbstract.processMessageReceived(NettyRemotingAbstract.java:147) ~[classes/:na]
	at org.apache.rocketmq.remoting.netty.NettyRemotingServer$NettyServerHandler.channelRead0(NettyRemotingServer.java:397) ~[classes/:na]
	at org.apache.rocketmq.remoting.netty.NettyRemotingServer$NettyServerHandler.channelRead0(NettyRemotingServer.java:393) ~[classes/:na]
	at io.netty.channel.SimpleChannelInboundHandler.channelRead(SimpleChannelInboundHandler.java:105) ~[netty-all-4.0.42.Final.jar:4.0.42.Final]
	at io.netty.channel.AbstractChannelHandlerContext.invokeChannelRead(AbstractChannelHandlerContext.java:367) ~[netty-all-4.0.42.Final.jar:4.0.42.Final]
	at io.netty.channel.AbstractChannelHandlerContext.invokeChannelRead(AbstractChannelHandlerContext.java:353) ~[netty-all-4.0.42.Final.jar:4.0.42.Final]
	at io.netty.channel.AbstractChannelHandlerContext.fireChannelRead(AbstractChannelHandlerContext.java:346) ~[netty-all-4.0.42.Final.jar:4.0.42.Final]
	at io.netty.channel.ChannelInboundHandlerAdapter.channelRead(ChannelInboundHandlerAdapter.java:86) ~[netty-all-4.0.42.Final.jar:4.0.42.Final]
	at io.netty.channel.AbstractChannelHandlerContext.invokeChannelRead(AbstractChannelHandlerContext.java:367) ~[netty-all-4.0.42.Final.jar:4.0.42.Final]
	at io.netty.channel.AbstractChannelHandlerContext.invokeChannelRead(AbstractChannelHandlerContext.java:353) ~[netty-all-4.0.42.Final.jar:4.0.42.Final]
	at io.netty.channel.AbstractChannelHandlerContext.fireChannelRead(AbstractChannelHandlerContext.java:346) ~[netty-all-4.0.42.Final.jar:4.0.42.Final]
	at io.netty.handler.timeout.IdleStateHandler.channelRead(IdleStateHandler.java:266) ~[netty-all-4.0.42.Final.jar:4.0.42.Final]
	at io.netty.channel.AbstractChannelHandlerContext.invokeChannelRead(AbstractChannelHandlerContext.java:367) ~[netty-all-4.0.42.Final.jar:4.0.42.Final]
	at io.netty.channel.AbstractChannelHandlerContext.invokeChannelRead(AbstractChannelHandlerContext.java:353) ~[netty-all-4.0.42.Final.jar:4.0.42.Final]
	at io.netty.channel.AbstractChannelHandlerContext.fireChannelRead(AbstractChannelHandlerContext.java:346) ~[netty-all-4.0.42.Final.jar:4.0.42.Final]
	at io.netty.handler.codec.ByteToMessageDecoder.fireChannelRead(ByteToMessageDecoder.java:293) ~[netty-all-4.0.42.Final.jar:4.0.42.Final]
	at io.netty.handler.codec.ByteToMessageDecoder.channelRead(ByteToMessageDecoder.java:267) ~[netty-all-4.0.42.Final.jar:4.0.42.Final]
	at io.netty.channel.AbstractChannelHandlerContext.invokeChannelRead(AbstractChannelHandlerContext.java:367) ~[netty-all-4.0.42.Final.jar:4.0.42.Final]
	at io.netty.channel.AbstractChannelHandlerContext.access$600(AbstractChannelHandlerContext.java:36) ~[netty-all-4.0.42.Final.jar:4.0.42.Final]
	at io.netty.channel.AbstractChannelHandlerContext$7.run(AbstractChannelHandlerContext.java:358) ~[netty-all-4.0.42.Final.jar:4.0.42.Final]
	at io.netty.util.concurrent.DefaultEventExecutor.run(DefaultEventExecutor.java:41) ~[netty-all-4.0.42.Final.jar:4.0.42.Final]
	at io.netty.util.concurrent.SingleThreadEventExecutor$2.run(SingleThreadEventExecutor.java:140) [netty-all-4.0.42.Final.jar:4.0.42.Final]
	at java.lang.Thread.run(Thread.java:748) [na:1.8.0_251]
2021-02-04 11:52:29 INFO main - instrumented a special java.util.Set into: sun.nio.ch.WindowsSelectorImpl@5025a98f
2021-02-04 11:52:29 INFO main - instrumented a special java.util.Set into: sun.nio.ch.WindowsSelectorImpl@64bf3bbf
2021-02-04 11:52:29 INFO main - instrumented a special java.util.Set into: sun.nio.ch.WindowsSelectorImpl@55d56113
2021-02-04 11:52:29 INFO main - instrumented a special java.util.Set into: sun.nio.ch.WindowsSelectorImpl@148080bb
2021-02-04 12:40:58 INFO main - instrumented a special java.util.Set into: sun.nio.ch.WindowsSelectorImpl@5025a98f
2021-02-04 12:40:58 INFO main - instrumented a special java.util.Set into: sun.nio.ch.WindowsSelectorImpl@64bf3bbf
2021-02-04 12:40:58 INFO main - instrumented a special java.util.Set into: sun.nio.ch.WindowsSelectorImpl@55d56113
2021-02-04 12:40:58 INFO main - instrumented a special java.util.Set into: sun.nio.ch.WindowsSelectorImpl@148080bb
2021-02-04 12:46:57 INFO main - instrumented a special java.util.Set into: sun.nio.ch.WindowsSelectorImpl@5025a98f
2021-02-04 12:46:57 INFO main - instrumented a special java.util.Set into: sun.nio.ch.WindowsSelectorImpl@64bf3bbf
2021-02-04 12:46:57 INFO main - instrumented a special java.util.Set into: sun.nio.ch.WindowsSelectorImpl@55d56113
2021-02-04 12:46:57 INFO main - instrumented a special java.util.Set into: sun.nio.ch.WindowsSelectorImpl@148080bb
2021-02-05 10:46:53 INFO main - instrumented a special java.util.Set into: sun.nio.ch.WindowsSelectorImpl@5649fd9b
2021-02-05 10:46:53 INFO main - instrumented a special java.util.Set into: sun.nio.ch.WindowsSelectorImpl@20322d26
2021-02-05 10:46:53 INFO main - instrumented a special java.util.Set into: sun.nio.ch.WindowsSelectorImpl@192b07fd
2021-02-05 10:46:53 INFO main - instrumented a special java.util.Set into: sun.nio.ch.WindowsSelectorImpl@64bfbc86
2021-02-05 11:10:57 INFO main - instrumented a special java.util.Set into: sun.nio.ch.WindowsSelectorImpl@5025a98f
2021-02-05 11:10:58 INFO main - instrumented a special java.util.Set into: sun.nio.ch.WindowsSelectorImpl@64bf3bbf
2021-02-05 11:10:58 INFO main - instrumented a special java.util.Set into: sun.nio.ch.WindowsSelectorImpl@55d56113
2021-02-05 11:10:58 INFO main - instrumented a special java.util.Set into: sun.nio.ch.WindowsSelectorImpl@148080bb
2021-02-05 14:01:35 INFO main - instrumented a special java.util.Set into: sun.nio.ch.WindowsSelectorImpl@5025a98f
2021-02-05 14:01:35 INFO main - instrumented a special java.util.Set into: sun.nio.ch.WindowsSelectorImpl@64bf3bbf
2021-02-05 14:01:35 INFO main - instrumented a special java.util.Set into: sun.nio.ch.WindowsSelectorImpl@55d56113
2021-02-05 14:01:35 INFO main - instrumented a special java.util.Set into: sun.nio.ch.WindowsSelectorImpl@148080bb
